Change Component Footprint: Designator=U5 Old Footprint=SOIC-8 New Footprint=NE555
Change Component Comment : Designator=U5 Old Comment=ACS712-30A New Comment=NE555
Change component parameters: Designator = "U5" ("U5"); Footprint = "SOIC-8"; UniqueID = "\KUKCHAPB" ("\KUKCHAPB")
Change component parameters (AddParameter): Name = "ComponentLink1Description"; Value = "Website Smart World"; VariantName = "[No Variations]"
Change component parameters (AddParameter): Name = "ComponentLink1URL"; Value = "https://www.smartw.ir/"; VariantName = "[No Variations]"
Change component parameters (AddParameter): Name = "ComponentLink2Description"; Value = "Telegram"; VariantName = "[No Variations]"
Change component parameters (AddParameter): Name = "ComponentLink2URL"; Value = "https://t.me/altium_smartw"; VariantName = "[No Variations]"
Change component parameters (AddParameter): Name = "ComponentLink3Description"; Value = "Instagram"; VariantName = "[No Variations]"
Change component parameters (AddParameter): Name = "ComponentLink3URL"; Value = "https://Instagram.com/smartgw.ir"; VariantName = "[No Variations]"
Change component parameters (AddParameter): Name = "DatasheetVersion"; Value = "2021"; VariantName = "[No Variations]"
Change component parameters (AddParameter): Name = "Value"; Value = "Ne555"; VariantName = "[No Variations]"
Added Component: Designator=C10(VISH-BFC233820104-2_V)
Added Component: Designator=C25(VISH-BFC233820104-2_V)
Added Component: Designator=D1(FP-6_560-5006_01-4-MFG)
Added Component: Designator=K1(PNSC-LD-P-4-2050x720x1530_V)
Added Component: Designator=LS1(FP-SD1614T5-B1-MFG)
Added Component: Designator=P2(691312510002)
Added Component: Designator=P3(691312510002)
Added Component: Designator=P4(691312510002)
Added Component: Designator=R6(RESA86-1060X240)
Added Component: Designator=R10(RESA86-1060X240)
Added Component: Designator=R11(RESA86-1060X240)
Added Component: Designator=R18(RESA86-1060X240)
Added Component: Designator=R20(FP-B72205S0-MFG)
Added Component: Designator=R25(RESA86-1060X240)
Added Component: Designator=SW1(430156043726)
Added Component: Designator=SW2(430156043726)
Added Component: Designator=U2(SOT-89_L)
Added Component: Designator=U4(LTST-DIP-6)
Added Component: Designator=Y1(FOX-FOXSLF160-20)
Added Member To Class: ClassName=Fan_Feedback Member=Component Conn Telecommunications_4pin
Added Member To Class: ClassName=Fan_Feedback Member=Component Conn Telecommunications_4pin
