Added Component: Designator=1(TO263)
Add component (AddParameter): Name = "ComponentLink1Description"; Value = "Website Smart World"; VariantName = "[No Variations]"
Add component (AddParameter): Name = "ComponentLink1URL"; Value = "https://www.smartw.ir/"; VariantName = "[No Variations]"
Add component (AddParameter): Name = "ComponentLink2Description"; Value = "Telegram"; VariantName = "[No Variations]"
Add component (AddParameter): Name = "ComponentLink2URL"; Value = "https://t.me/altium_smartw"; VariantName = "[No Variations]"
Add component (AddParameter): Name = "ComponentLink3Description"; Value = "Instagram"; VariantName = "[No Variations]"
Add component (AddParameter): Name = "ComponentLink3URL"; Value = "https://Instagram.com/smartgw.ir"; VariantName = "[No Variations]"
Add component (AddParameter): Name = "DatasheetVersion"; Value = "2021"; VariantName = "[No Variations]"
Added Component: Designator=C1(C1206)
Add component (AddParameter): Name = "ComponentLink1Description"; Value = "Website Smart World"; VariantName = "[No Variations]"
Add component (AddParameter): Name = "ComponentLink1URL"; Value = "https://www.smartw.ir/"; VariantName = "[No Variations]"
Add component (AddParameter): Name = "ComponentLink2Description"; Value = "Telegram"; VariantName = "[No Variations]"
Add component (AddParameter): Name = "ComponentLink2URL"; Value = "https://t.me/altium_smartw"; VariantName = "[No Variations]"
Add component (AddParameter): Name = "ComponentLink3Description"; Value = "Instagram"; VariantName = "[No Variations]"
Add component (AddParameter): Name = "ComponentLink3URL"; Value = "https://Instagram.com/smartgw.ir"; VariantName = "[No Variations]"
Add component (AddParameter): Name = "DatasheetVersion"; Value = "2021"; VariantName = "[No Variations]"
Add component (AddParameter): Name = "Value"; Value = "100nf"; VariantName = "[No Variations]"
Added Component: Designator=C2(C1206)
Add component (AddParameter): Name = "ComponentLink1Description"; Value = "Website Smart World"; VariantName = "[No Variations]"
Add component (AddParameter): Name = "ComponentLink1URL"; Value = "https://www.smartw.ir/"; VariantName = "[No Variations]"
Add component (AddParameter): Name = "ComponentLink2Description"; Value = "Telegram"; VariantName = "[No Variations]"
Add component (AddParameter): Name = "ComponentLink2URL"; Value = "https://t.me/altium_smartw"; VariantName = "[No Variations]"
Add component (AddParameter): Name = "ComponentLink3Description"; Value = "Instagram"; VariantName = "[No Variations]"
Add component (AddParameter): Name = "ComponentLink3URL"; Value = "https://Instagram.com/smartgw.ir"; VariantName = "[No Variations]"
Add component (AddParameter): Name = "DatasheetVersion"; Value = "2021"; VariantName = "[No Variations]"
Add component (AddParameter): Name = "Value"; Value = "100nf"; VariantName = "[No Variations]"
Added Component: Designator=C3(C1206)
Add component (AddParameter): Name = "ComponentLink1Description"; Value = "Website Smart World"; VariantName = "[No Variations]"
Add component (AddParameter): Name = "ComponentLink1URL"; Value = "https://www.smartw.ir/"; VariantName = "[No Variations]"
Add component (AddParameter): Name = "ComponentLink2Description"; Value = "Telegram"; VariantName = "[No Variations]"
Add component (AddParameter): Name = "ComponentLink2URL"; Value = "https://t.me/altium_smartw"; VariantName = "[No Variations]"
Add component (AddParameter): Name = "ComponentLink3Description"; Value = "Instagram"; VariantName = "[No Variations]"
Add component (AddParameter): Name = "ComponentLink3URL"; Value = "https://Instagram.com/smartgw.ir"; VariantName = "[No Variations]"
Add component (AddParameter): Name = "DatasheetVersion"; Value = "2021"; VariantName = "[No Variations]"
Add component (AddParameter): Name = "Value"; Value = "100nf"; VariantName = "[No Variations]"
Added Component: Designator=C4(C1206)
Add component (AddParameter): Name = "ComponentLink1Description"; Value = "Website Smart World"; VariantName = "[No Variations]"
Add component (AddParameter): Name = "ComponentLink1URL"; Value = "https://www.smartw.ir/"; VariantName = "[No Variations]"
Add component (AddParameter): Name = "ComponentLink2Description"; Value = "Telegram"; VariantName = "[No Variations]"
Add component (AddParameter): Name = "ComponentLink2URL"; Value = "https://t.me/altium_smartw"; VariantName = "[No Variations]"
Add component (AddParameter): Name = "ComponentLink3Description"; Value = "Instagram"; VariantName = "[No Variations]"
Add component (AddParameter): Name = "ComponentLink3URL"; Value = "https://Instagram.com/smartgw.ir"; VariantName = "[No Variations]"
Add component (AddParameter): Name = "DatasheetVersion"; Value = "2021"; VariantName = "[No Variations]"
Add component (AddParameter): Name = "Value"; Value = "22pf"; VariantName = "[No Variations]"
Added Component: Designator=C5(C1206)
Add component (AddParameter): Name = "ComponentLink1Description"; Value = "Website Smart World"; VariantName = "[No Variations]"
Add component (AddParameter): Name = "ComponentLink1URL"; Value = "https://www.smartw.ir/"; VariantName = "[No Variations]"
Add component (AddParameter): Name = "ComponentLink2Description"; Value = "Telegram"; VariantName = "[No Variations]"
Add component (AddParameter): Name = "ComponentLink2URL"; Value = "https://t.me/altium_smartw"; VariantName = "[No Variations]"
Add component (AddParameter): Name = "ComponentLink3Description"; Value = "Instagram"; VariantName = "[No Variations]"
Add component (AddParameter): Name = "ComponentLink3URL"; Value = "https://Instagram.com/smartgw.ir"; VariantName = "[No Variations]"
Add component (AddParameter): Name = "DatasheetVersion"; Value = "2021"; VariantName = "[No Variations]"
Add component (AddParameter): Name = "Value"; Value = "22pf"; VariantName = "[No Variations]"
Added Component: Designator=C6(C1206)
Add component (AddParameter): Name = "ComponentLink1Description"; Value = "Website Smart World"; VariantName = "[No Variations]"
Add component (AddParameter): Name = "ComponentLink1URL"; Value = "https://www.smartw.ir/"; VariantName = "[No Variations]"
Add component (AddParameter): Name = "ComponentLink2Description"; Value = "Telegram"; VariantName = "[No Variations]"
Add component (AddParameter): Name = "ComponentLink2URL"; Value = "https://t.me/altium_smartw"; VariantName = "[No Variations]"
Add component (AddParameter): Name = "ComponentLink3Description"; Value = "Instagram"; VariantName = "[No Variations]"
Add component (AddParameter): Name = "ComponentLink3URL"; Value = "https://Instagram.com/smartgw.ir"; VariantName = "[No Variations]"
Add component (AddParameter): Name = "DatasheetVersion"; Value = "2021"; VariantName = "[No Variations]"
Add component (AddParameter): Name = "Value"; Value = "100nf"; VariantName = "[No Variations]"
Added Component: Designator=C7(C1206)
Add component (AddParameter): Name = "ComponentLink1Description"; Value = "Website Smart World"; VariantName = "[No Variations]"
Add component (AddParameter): Name = "ComponentLink1URL"; Value = "https://www.smartw.ir/"; VariantName = "[No Variations]"
Add component (AddParameter): Name = "ComponentLink2Description"; Value = "Telegram"; VariantName = "[No Variations]"
Add component (AddParameter): Name = "ComponentLink2URL"; Value = "https://t.me/altium_smartw"; VariantName = "[No Variations]"
Add component (AddParameter): Name = "ComponentLink3Description"; Value = "Instagram"; VariantName = "[No Variations]"
Add component (AddParameter): Name = "ComponentLink3URL"; Value = "https://Instagram.com/smartgw.ir"; VariantName = "[No Variations]"
Add component (AddParameter): Name = "DatasheetVersion"; Value = "2021"; VariantName = "[No Variations]"
Add component (AddParameter): Name = "Value"; Value = "100nf"; VariantName = "[No Variations]"
Added Component: Designator=C8(C1206)
Add component (AddParameter): Name = "ComponentLink1Description"; Value = "Website Smart World"; VariantName = "[No Variations]"
Add component (AddParameter): Name = "ComponentLink1URL"; Value = "https://www.smartw.ir/"; VariantName = "[No Variations]"
Add component (AddParameter): Name = "ComponentLink2Description"; Value = "Telegram"; VariantName = "[No Variations]"
Add component (AddParameter): Name = "ComponentLink2URL"; Value = "https://t.me/altium_smartw"; VariantName = "[No Variations]"
Add component (AddParameter): Name = "ComponentLink3Description"; Value = "Instagram"; VariantName = "[No Variations]"
Add component (AddParameter): Name = "ComponentLink3URL"; Value = "https://Instagram.com/smartgw.ir"; VariantName = "[No Variations]"
Add component (AddParameter): Name = "DatasheetVersion"; Value = "2021"; VariantName = "[No Variations]"
Add component (AddParameter): Name = "Value"; Value = "10nf"; VariantName = "[No Variations]"
Added Component: Designator=C9(C1206)
Add component (AddParameter): Name = "ComponentLink1Description"; Value = "Website Smart World"; VariantName = "[No Variations]"
Add component (AddParameter): Name = "ComponentLink1URL"; Value = "https://www.smartw.ir/"; VariantName = "[No Variations]"
Add component (AddParameter): Name = "ComponentLink2Description"; Value = "Telegram"; VariantName = "[No Variations]"
Add component (AddParameter): Name = "ComponentLink2URL"; Value = "https://t.me/altium_smartw"; VariantName = "[No Variations]"
Add component (AddParameter): Name = "ComponentLink3Description"; Value = "Instagram"; VariantName = "[No Variations]"
Add component (AddParameter): Name = "ComponentLink3URL"; Value = "https://Instagram.com/smartgw.ir"; VariantName = "[No Variations]"
Add component (AddParameter): Name = "DatasheetVersion"; Value = "2021"; VariantName = "[No Variations]"
Add component (AddParameter): Name = "Value"; Value = "100nf"; VariantName = "[No Variations]"
Added Component: Designator=C10(VISH-BFC233820104-2_V)
Added Component: Designator=C11(VISH-BFC233820104-2_V)
Added Component: Designator=C12(C_CER_D7B)
Add component (AddParameter): Name = "ComponentLink1Description"; Value = "Website Smart World"; VariantName = "[No Variations]"
Add component (AddParameter): Name = "ComponentLink1URL"; Value = "https://www.smartw.ir/"; VariantName = "[No Variations]"
Add component (AddParameter): Name = "ComponentLink2Description"; Value = "Telegram"; VariantName = "[No Variations]"
Add component (AddParameter): Name = "ComponentLink2URL"; Value = "https://t.me/altium_smartw"; VariantName = "[No Variations]"
Add component (AddParameter): Name = "ComponentLink3Description"; Value = "Instagram"; VariantName = "[No Variations]"
Add component (AddParameter): Name = "ComponentLink3URL"; Value = "https://Instagram.com/smartgw.ir"; VariantName = "[No Variations]"
Add component (AddParameter): Name = "DatasheetVersion"; Value = "2021"; VariantName = "[No Variations]"
Add component (AddParameter): Name = "Value"; Value = "0.1uf 1kv"; VariantName = "[No Variations]"
Added Component: Designator=C13(C_EL_4X7)
Add component (AddParameter): Name = "ComponentLink1Description"; Value = "Website Smart World"; VariantName = "[No Variations]"
Add component (AddParameter): Name = "ComponentLink1URL"; Value = "https://www.smartw.ir/"; VariantName = "[No Variations]"
Add component (AddParameter): Name = "ComponentLink2Description"; Value = "Telegram"; VariantName = "[No Variations]"
Add component (AddParameter): Name = "ComponentLink2URL"; Value = "https://t.me/altium_smartw"; VariantName = "[No Variations]"
Add component (AddParameter): Name = "ComponentLink3Description"; Value = "Instagram"; VariantName = "[No Variations]"
Add component (AddParameter): Name = "ComponentLink3URL"; Value = "https://Instagram.com/smartgw.ir"; VariantName = "[No Variations]"
Add component (AddParameter): Name = "DatasheetVersion"; Value = "2021"; VariantName = "[No Variations]"
Add component (AddParameter): Name = "Value"; Value = "4.7uf"; VariantName = "[No Variations]"
Added Component: Designator=C14(C_PLY_7X6_5)
Add component (AddParameter): Name = "ComponentLink1Description"; Value = "Website Smart World"; VariantName = "[No Variations]"
Add component (AddParameter): Name = "ComponentLink1URL"; Value = "https://www.smartw.ir/"; VariantName = "[No Variations]"
Add component (AddParameter): Name = "ComponentLink2Description"; Value = "Telegram"; VariantName = "[No Variations]"
Add component (AddParameter): Name = "ComponentLink2URL"; Value = "https://t.me/altium_smartw"; VariantName = "[No Variations]"
Add component (AddParameter): Name = "ComponentLink3Description"; Value = "Instagram"; VariantName = "[No Variations]"
Add component (AddParameter): Name = "ComponentLink3URL"; Value = "https://Instagram.com/smartgw.ir"; VariantName = "[No Variations]"
Add component (AddParameter): Name = "DatasheetVersion"; Value = "2021"; VariantName = "[No Variations]"
Add component (AddParameter): Name = "Value"; Value = "0.47UF"; VariantName = "[No Variations]"
Added Component: Designator=C15(C_EL_10X20)
Add component (AddParameter): Name = "ComponentLink1Description"; Value = "Website Smart World"; VariantName = "[No Variations]"
Add component (AddParameter): Name = "ComponentLink1URL"; Value = "https://www.smartw.ir/"; VariantName = "[No Variations]"
Add component (AddParameter): Name = "ComponentLink2Description"; Value = "Telegram"; VariantName = "[No Variations]"
Add component (AddParameter): Name = "ComponentLink2URL"; Value = "https://t.me/altium_smartw"; VariantName = "[No Variations]"
Add component (AddParameter): Name = "ComponentLink3Description"; Value = "Instagram"; VariantName = "[No Variations]"
Add component (AddParameter): Name = "ComponentLink3URL"; Value = "https://Instagram.com/smartgw.ir"; VariantName = "[No Variations]"
Add component (AddParameter): Name = "DatasheetVersion"; Value = "2021"; VariantName = "[No Variations]"
Add component (AddParameter): Name = "Value"; Value = "10uf"; VariantName = "[No Variations]"
Added Component: Designator=C16(C_EL_10X20)
Add component (AddParameter): Name = "ComponentLink1Description"; Value = "Website Smart World"; VariantName = "[No Variations]"
Add component (AddParameter): Name = "ComponentLink1URL"; Value = "https://www.smartw.ir/"; VariantName = "[No Variations]"
Add component (AddParameter): Name = "ComponentLink2Description"; Value = "Telegram"; VariantName = "[No Variations]"
Add component (AddParameter): Name = "ComponentLink2URL"; Value = "https://t.me/altium_smartw"; VariantName = "[No Variations]"
Add component (AddParameter): Name = "ComponentLink3Description"; Value = "Instagram"; VariantName = "[No Variations]"
Add component (AddParameter): Name = "ComponentLink3URL"; Value = "https://Instagram.com/smartgw.ir"; VariantName = "[No Variations]"
Add component (AddParameter): Name = "DatasheetVersion"; Value = "2021"; VariantName = "[No Variations]"
Add component (AddParameter): Name = "Value"; Value = "10uf"; VariantName = "[No Variations]"
Added Component: Designator=C17(C_EL_10X20)
Add component (AddParameter): Name = "ComponentLink1Description"; Value = "Website Smart World"; VariantName = "[No Variations]"
Add component (AddParameter): Name = "ComponentLink1URL"; Value = "https://www.smartw.ir/"; VariantName = "[No Variations]"
Add component (AddParameter): Name = "ComponentLink2Description"; Value = "Telegram"; VariantName = "[No Variations]"
Add component (AddParameter): Name = "ComponentLink2URL"; Value = "https://t.me/altium_smartw"; VariantName = "[No Variations]"
Add component (AddParameter): Name = "ComponentLink3Description"; Value = "Instagram"; VariantName = "[No Variations]"
Add component (AddParameter): Name = "ComponentLink3URL"; Value = "https://Instagram.com/smartgw.ir"; VariantName = "[No Variations]"
Add component (AddParameter): Name = "DatasheetVersion"; Value = "2021"; VariantName = "[No Variations]"
Add component (AddParameter): Name = "Value"; Value = "470uf"; VariantName = "[No Variations]"
Added Component: Designator=C18(C1206)
Add component (AddParameter): Name = "ComponentLink1Description"; Value = "Website Smart World"; VariantName = "[No Variations]"
Add component (AddParameter): Name = "ComponentLink1URL"; Value = "https://www.smartw.ir/"; VariantName = "[No Variations]"
Add component (AddParameter): Name = "ComponentLink2Description"; Value = "Telegram"; VariantName = "[No Variations]"
Add component (AddParameter): Name = "ComponentLink2URL"; Value = "https://t.me/altium_smartw"; VariantName = "[No Variations]"
Add component (AddParameter): Name = "ComponentLink3Description"; Value = "Instagram"; VariantName = "[No Variations]"
Add component (AddParameter): Name = "ComponentLink3URL"; Value = "https://Instagram.com/smartgw.ir"; VariantName = "[No Variations]"
Add component (AddParameter): Name = "DatasheetVersion"; Value = "2021"; VariantName = "[No Variations]"
Add component (AddParameter): Name = "Value"; Value = "100nf"; VariantName = "[No Variations]"
Added Component: Designator=C19(C_EL_5X7)
Add component (AddParameter): Name = "ComponentLink1Description"; Value = "Website Smart World"; VariantName = "[No Variations]"
Add component (AddParameter): Name = "ComponentLink1URL"; Value = "https://www.smartw.ir/"; VariantName = "[No Variations]"
Add component (AddParameter): Name = "ComponentLink2Description"; Value = "Telegram"; VariantName = "[No Variations]"
Add component (AddParameter): Name = "ComponentLink2URL"; Value = "https://t.me/altium_smartw"; VariantName = "[No Variations]"
Add component (AddParameter): Name = "ComponentLink3Description"; Value = "Instagram"; VariantName = "[No Variations]"
Add component (AddParameter): Name = "ComponentLink3URL"; Value = "https://Instagram.com/smartgw.ir"; VariantName = "[No Variations]"
Add component (AddParameter): Name = "DatasheetVersion"; Value = "2021"; VariantName = "[No Variations]"
Add component (AddParameter): Name = "Value"; Value = "220uf"; VariantName = "[No Variations]"
Added Component: Designator=C20(C1206)
Add component (AddParameter): Name = "ComponentLink1Description"; Value = "Website Smart World"; VariantName = "[No Variations]"
Add component (AddParameter): Name = "ComponentLink1URL"; Value = "https://www.smartw.ir/"; VariantName = "[No Variations]"
Add component (AddParameter): Name = "ComponentLink2Description"; Value = "Telegram"; VariantName = "[No Variations]"
Add component (AddParameter): Name = "ComponentLink2URL"; Value = "https://t.me/altium_smartw"; VariantName = "[No Variations]"
Add component (AddParameter): Name = "ComponentLink3Description"; Value = "Instagram"; VariantName = "[No Variations]"
Add component (AddParameter): Name = "ComponentLink3URL"; Value = "https://Instagram.com/smartgw.ir"; VariantName = "[No Variations]"
Add component (AddParameter): Name = "DatasheetVersion"; Value = "2021"; VariantName = "[No Variations]"
Add component (AddParameter): Name = "Value"; Value = "100nf"; VariantName = "[No Variations]"
Added Component: Designator=C21(C_EL_4_4)
Add component (AddParameter): Name = "ComponentLink1Description"; Value = "Website Smart World"; VariantName = "[No Variations]"
Add component (AddParameter): Name = "ComponentLink1URL"; Value = "https://www.smartw.ir/"; VariantName = "[No Variations]"
Add component (AddParameter): Name = "ComponentLink2Description"; Value = "Telegram"; VariantName = "[No Variations]"
Add component (AddParameter): Name = "ComponentLink2URL"; Value = "https://t.me/altium_smartw"; VariantName = "[No Variations]"
Add component (AddParameter): Name = "ComponentLink3Description"; Value = "Instagram"; VariantName = "[No Variations]"
Add component (AddParameter): Name = "ComponentLink3URL"; Value = "https://Instagram.com/smartgw.ir"; VariantName = "[No Variations]"
Add component (AddParameter): Name = "DatasheetVersion"; Value = "2021"; VariantName = "[No Variations]"
Add component (AddParameter): Name = "Value"; Value = "10uf"; VariantName = "[No Variations]"
Added Component: Designator=C22(C1206)
Add component (AddParameter): Name = "ComponentLink1Description"; Value = "Website Smart World"; VariantName = "[No Variations]"
Add component (AddParameter): Name = "ComponentLink1URL"; Value = "https://www.smartw.ir/"; VariantName = "[No Variations]"
Add component (AddParameter): Name = "ComponentLink2Description"; Value = "Telegram"; VariantName = "[No Variations]"
Add component (AddParameter): Name = "ComponentLink2URL"; Value = "https://t.me/altium_smartw"; VariantName = "[No Variations]"
Add component (AddParameter): Name = "ComponentLink3Description"; Value = "Instagram"; VariantName = "[No Variations]"
Add component (AddParameter): Name = "ComponentLink3URL"; Value = "https://Instagram.com/smartgw.ir"; VariantName = "[No Variations]"
Add component (AddParameter): Name = "DatasheetVersion"; Value = "2021"; VariantName = "[No Variations]"
Add component (AddParameter): Name = "Value"; Value = "100nf"; VariantName = "[No Variations]"
Added Component: Designator=C23(C1206)
Add component (AddParameter): Name = "ComponentLink1Description"; Value = "Website Smart World"; VariantName = "[No Variations]"
Add component (AddParameter): Name = "ComponentLink1URL"; Value = "https://www.smartw.ir/"; VariantName = "[No Variations]"
Add component (AddParameter): Name = "ComponentLink2Description"; Value = "Telegram"; VariantName = "[No Variations]"
Add component (AddParameter): Name = "ComponentLink2URL"; Value = "https://t.me/altium_smartw"; VariantName = "[No Variations]"
Add component (AddParameter): Name = "ComponentLink3Description"; Value = "Instagram"; VariantName = "[No Variations]"
Add component (AddParameter): Name = "ComponentLink3URL"; Value = "https://Instagram.com/smartgw.ir"; VariantName = "[No Variations]"
Add component (AddParameter): Name = "DatasheetVersion"; Value = "2021"; VariantName = "[No Variations]"
Add component (AddParameter): Name = "Value"; Value = "100nf"; VariantName = "[No Variations]"
Added Component: Designator=C24(C1206)
Add component (AddParameter): Name = "ComponentLink1Description"; Value = "Website Smart World"; VariantName = "[No Variations]"
Add component (AddParameter): Name = "ComponentLink1URL"; Value = "https://www.smartw.ir/"; VariantName = "[No Variations]"
Add component (AddParameter): Name = "ComponentLink2Description"; Value = "Telegram"; VariantName = "[No Variations]"
Add component (AddParameter): Name = "ComponentLink2URL"; Value = "https://t.me/altium_smartw"; VariantName = "[No Variations]"
Add component (AddParameter): Name = "ComponentLink3Description"; Value = "Instagram"; VariantName = "[No Variations]"
Add component (AddParameter): Name = "ComponentLink3URL"; Value = "https://Instagram.com/smartgw.ir"; VariantName = "[No Variations]"
Add component (AddParameter): Name = "DatasheetVersion"; Value = "2021"; VariantName = "[No Variations]"
Add component (AddParameter): Name = "Value"; Value = "100nf"; VariantName = "[No Variations]"
Added Component: Designator=C25(C1206)
Add component (AddParameter): Name = "ComponentLink1Description"; Value = "Website Smart World"; VariantName = "[No Variations]"
Add component (AddParameter): Name = "ComponentLink1URL"; Value = "https://www.smartw.ir/"; VariantName = "[No Variations]"
Add component (AddParameter): Name = "ComponentLink2Description"; Value = "Telegram"; VariantName = "[No Variations]"
Add component (AddParameter): Name = "ComponentLink2URL"; Value = "https://t.me/altium_smartw"; VariantName = "[No Variations]"
Add component (AddParameter): Name = "ComponentLink3Description"; Value = "Instagram"; VariantName = "[No Variations]"
Add component (AddParameter): Name = "ComponentLink3URL"; Value = "https://Instagram.com/smartgw.ir"; VariantName = "[No Variations]"
Add component (AddParameter): Name = "DatasheetVersion"; Value = "2021"; VariantName = "[No Variations]"
Add component (AddParameter): Name = "Value"; Value = "100nf"; VariantName = "[No Variations]"
Added Component: Designator=Conn1(Teleconn_4pin)
Add component (AddParameter): Name = "ComponentLink1Description"; Value = "Website Smart World"; VariantName = "[No Variations]"
Add component (AddParameter): Name = "ComponentLink1URL"; Value = "https://www.smartw.ir/"; VariantName = "[No Variations]"
Add component (AddParameter): Name = "ComponentLink2Description"; Value = "Telegram"; VariantName = "[No Variations]"
Add component (AddParameter): Name = "ComponentLink2URL"; Value = "https://t.me/altium_smartw"; VariantName = "[No Variations]"
Add component (AddParameter): Name = "ComponentLink3Description"; Value = "Instagram"; VariantName = "[No Variations]"
Add component (AddParameter): Name = "ComponentLink3URL"; Value = "https://Instagram.com/smartgw.ir"; VariantName = "[No Variations]"
Add component (AddParameter): Name = "DatasheetVersion"; Value = "2021"; VariantName = "[No Variations]"
Added Component: Designator=Conn2(Teleconn_4pin)
Add component (AddParameter): Name = "ComponentLink1Description"; Value = "Website Smart World"; VariantName = "[No Variations]"
Add component (AddParameter): Name = "ComponentLink1URL"; Value = "https://www.smartw.ir/"; VariantName = "[No Variations]"
Add component (AddParameter): Name = "ComponentLink2Description"; Value = "Telegram"; VariantName = "[No Variations]"
Add component (AddParameter): Name = "ComponentLink2URL"; Value = "https://t.me/altium_smartw"; VariantName = "[No Variations]"
Add component (AddParameter): Name = "ComponentLink3Description"; Value = "Instagram"; VariantName = "[No Variations]"
Add component (AddParameter): Name = "ComponentLink3URL"; Value = "https://Instagram.com/smartgw.ir"; VariantName = "[No Variations]"
Add component (AddParameter): Name = "DatasheetVersion"; Value = "2021"; VariantName = "[No Variations]"
Added Component: Designator=Conn3(Teleconn_4pin)
Add component (AddParameter): Name = "ComponentLink1Description"; Value = "Website Smart World"; VariantName = "[No Variations]"
Add component (AddParameter): Name = "ComponentLink1URL"; Value = "https://www.smartw.ir/"; VariantName = "[No Variations]"
Add component (AddParameter): Name = "ComponentLink2Description"; Value = "Telegram"; VariantName = "[No Variations]"
Add component (AddParameter): Name = "ComponentLink2URL"; Value = "https://t.me/altium_smartw"; VariantName = "[No Variations]"
Add component (AddParameter): Name = "ComponentLink3Description"; Value = "Instagram"; VariantName = "[No Variations]"
Add component (AddParameter): Name = "ComponentLink3URL"; Value = "https://Instagram.com/smartgw.ir"; VariantName = "[No Variations]"
Add component (AddParameter): Name = "DatasheetVersion"; Value = "2021"; VariantName = "[No Variations]"
Added Component: Designator=CX1(C_CER_D6A)
Add component (AddParameter): Name = "ComponentLink1Description"; Value = "Website Smart World"; VariantName = "[No Variations]"
Add component (AddParameter): Name = "ComponentLink1URL"; Value = "https://www.smartw.ir/"; VariantName = "[No Variations]"
Add component (AddParameter): Name = "ComponentLink2Description"; Value = "Telegram"; VariantName = "[No Variations]"
Add component (AddParameter): Name = "ComponentLink2URL"; Value = "https://t.me/altium_smartw"; VariantName = "[No Variations]"
Add component (AddParameter): Name = "ComponentLink3Description"; Value = "Instagram"; VariantName = "[No Variations]"
Add component (AddParameter): Name = "ComponentLink3URL"; Value = "https://Instagram.com/smartgw.ir"; VariantName = "[No Variations]"
Add component (AddParameter): Name = "DatasheetVersion"; Value = "2021"; VariantName = "[No Variations]"
Add component (AddParameter): Name = "Value"; Value = "0.022uf"; VariantName = "[No Variations]"
Added Component: Designator=D1(FP-6_560-5006_01-4-MFG)
Added Component: Designator=D2(D_SMA)
Add component (AddParameter): Name = "ComponentLink1Description"; Value = "Website Smart World"; VariantName = "[No Variations]"
Add component (AddParameter): Name = "ComponentLink1URL"; Value = "https://www.smartw.ir/"; VariantName = "[No Variations]"
Add component (AddParameter): Name = "ComponentLink2Description"; Value = "Telegram"; VariantName = "[No Variations]"
Add component (AddParameter): Name = "ComponentLink2URL"; Value = "https://t.me/altium_smartw"; VariantName = "[No Variations]"
Add component (AddParameter): Name = "ComponentLink3Description"; Value = "Instagram"; VariantName = "[No Variations]"
Add component (AddParameter): Name = "ComponentLink3URL"; Value = "https://Instagram.com/smartgw.ir"; VariantName = "[No Variations]"
Add component (AddParameter): Name = "DatasheetVersion"; Value = "2021"; VariantName = "[No Variations]"
Add component (AddParameter): Name = "Value"; Value = "1N4007"; VariantName = "[No Variations]"
Added Component: Designator=D3(D_SMA)
Add component (AddParameter): Name = "ComponentLink1Description"; Value = "Website Smart World"; VariantName = "[No Variations]"
Add component (AddParameter): Name = "ComponentLink1URL"; Value = "https://www.smartw.ir/"; VariantName = "[No Variations]"
Add component (AddParameter): Name = "ComponentLink2Description"; Value = "Telegram"; VariantName = "[No Variations]"
Add component (AddParameter): Name = "ComponentLink2URL"; Value = "https://t.me/altium_smartw"; VariantName = "[No Variations]"
Add component (AddParameter): Name = "ComponentLink3Description"; Value = "Instagram"; VariantName = "[No Variations]"
Add component (AddParameter): Name = "ComponentLink3URL"; Value = "https://Instagram.com/smartgw.ir"; VariantName = "[No Variations]"
Add component (AddParameter): Name = "DatasheetVersion"; Value = "2021"; VariantName = "[No Variations]"
Add component (AddParameter): Name = "Value"; Value = "1N4007"; VariantName = "[No Variations]"
Added Component: Designator=D4(D_SMA)
Add component (AddParameter): Name = "ComponentLink1Description"; Value = "Website Smart World"; VariantName = "[No Variations]"
Add component (AddParameter): Name = "ComponentLink1URL"; Value = "https://www.smartw.ir/"; VariantName = "[No Variations]"
Add component (AddParameter): Name = "ComponentLink2Description"; Value = "Telegram"; VariantName = "[No Variations]"
Add component (AddParameter): Name = "ComponentLink2URL"; Value = "https://t.me/altium_smartw"; VariantName = "[No Variations]"
Add component (AddParameter): Name = "ComponentLink3Description"; Value = "Instagram"; VariantName = "[No Variations]"
Add component (AddParameter): Name = "ComponentLink3URL"; Value = "https://Instagram.com/smartgw.ir"; VariantName = "[No Variations]"
Add component (AddParameter): Name = "DatasheetVersion"; Value = "2021"; VariantName = "[No Variations]"
Add component (AddParameter): Name = "Value"; Value = "1N4007"; VariantName = "[No Variations]"
Added Component: Designator=D5(D_SMA)
Add component (AddParameter): Name = "ComponentLink1Description"; Value = "Website Smart World"; VariantName = "[No Variations]"
Add component (AddParameter): Name = "ComponentLink1URL"; Value = "https://www.smartw.ir/"; VariantName = "[No Variations]"
Add component (AddParameter): Name = "ComponentLink2Description"; Value = "Telegram"; VariantName = "[No Variations]"
Add component (AddParameter): Name = "ComponentLink2URL"; Value = "https://t.me/altium_smartw"; VariantName = "[No Variations]"
Add component (AddParameter): Name = "ComponentLink3Description"; Value = "Instagram"; VariantName = "[No Variations]"
Add component (AddParameter): Name = "ComponentLink3URL"; Value = "https://Instagram.com/smartgw.ir"; VariantName = "[No Variations]"
Add component (AddParameter): Name = "DatasheetVersion"; Value = "2021"; VariantName = "[No Variations]"
Add component (AddParameter): Name = "Value"; Value = "UF4007"; VariantName = "[No Variations]"
Added Component: Designator=DZ1(D_SOD80)
Add component (AddParameter): Name = "ComponentLink1Description"; Value = "Website Smart World"; VariantName = "[No Variations]"
Add component (AddParameter): Name = "ComponentLink1URL"; Value = "https://www.smartw.ir/"; VariantName = "[No Variations]"
Add component (AddParameter): Name = "ComponentLink2Description"; Value = "Telegram"; VariantName = "[No Variations]"
Add component (AddParameter): Name = "ComponentLink2URL"; Value = "https://t.me/altium_smartw"; VariantName = "[No Variations]"
Add component (AddParameter): Name = "ComponentLink3Description"; Value = "Instagram"; VariantName = "[No Variations]"
Add component (AddParameter): Name = "ComponentLink3URL"; Value = "https://Instagram.com/smartgw.ir"; VariantName = "[No Variations]"
Add component (AddParameter): Name = "DatasheetVersion"; Value = "2021"; VariantName = "[No Variations]"
Add component (AddParameter): Name = "Value"; Value = "12V"; VariantName = "[No Variations]"
Added Component: Designator=DZ2(D_AX04_DO41)
Add component (AddParameter): Name = "ComponentLink1Description"; Value = "Website Smart World"; VariantName = "[No Variations]"
Add component (AddParameter): Name = "ComponentLink1URL"; Value = "https://www.smartw.ir/"; VariantName = "[No Variations]"
Add component (AddParameter): Name = "ComponentLink2Description"; Value = "Telegram"; VariantName = "[No Variations]"
Add component (AddParameter): Name = "ComponentLink2URL"; Value = "https://t.me/altium_smartw"; VariantName = "[No Variations]"
Add component (AddParameter): Name = "ComponentLink3Description"; Value = "Instagram"; VariantName = "[No Variations]"
Add component (AddParameter): Name = "ComponentLink3URL"; Value = "https://Instagram.com/smartgw.ir"; VariantName = "[No Variations]"
Add component (AddParameter): Name = "DatasheetVersion"; Value = "2021"; VariantName = "[No Variations]"
Add component (AddParameter): Name = "Value"; Value = "16V"; VariantName = "[No Variations]"
Added Component: Designator=DZ3(D_SOD80)
Add component (AddParameter): Name = "ComponentLink1Description"; Value = "Website Smart World"; VariantName = "[No Variations]"
Add component (AddParameter): Name = "ComponentLink1URL"; Value = "https://www.smartw.ir/"; VariantName = "[No Variations]"
Add component (AddParameter): Name = "ComponentLink2Description"; Value = "Telegram"; VariantName = "[No Variations]"
Add component (AddParameter): Name = "ComponentLink2URL"; Value = "https://t.me/altium_smartw"; VariantName = "[No Variations]"
Add component (AddParameter): Name = "ComponentLink3Description"; Value = "Instagram"; VariantName = "[No Variations]"
Add component (AddParameter): Name = "ComponentLink3URL"; Value = "https://Instagram.com/smartgw.ir"; VariantName = "[No Variations]"
Add component (AddParameter): Name = "DatasheetVersion"; Value = "2021"; VariantName = "[No Variations]"
Add component (AddParameter): Name = "Value"; Value = "6.1V"; VariantName = "[No Variations]"
Added Component: Designator=DZ4(D_SOD80)
Add component (AddParameter): Name = "ComponentLink1Description"; Value = "Website Smart World"; VariantName = "[No Variations]"
Add component (AddParameter): Name = "ComponentLink1URL"; Value = "https://www.smartw.ir/"; VariantName = "[No Variations]"
Add component (AddParameter): Name = "ComponentLink2Description"; Value = "Telegram"; VariantName = "[No Variations]"
Add component (AddParameter): Name = "ComponentLink2URL"; Value = "https://t.me/altium_smartw"; VariantName = "[No Variations]"
Add component (AddParameter): Name = "ComponentLink3Description"; Value = "Instagram"; VariantName = "[No Variations]"
Add component (AddParameter): Name = "ComponentLink3URL"; Value = "https://Instagram.com/smartgw.ir"; VariantName = "[No Variations]"
Add component (AddParameter): Name = "DatasheetVersion"; Value = "2021"; VariantName = "[No Variations]"
Add component (AddParameter): Name = "Value"; Value = "5.1V"; VariantName = "[No Variations]"
Added Component: Designator=DZ5(D_SOD80)
Add component (AddParameter): Name = "ComponentLink1Description"; Value = "Website Smart World"; VariantName = "[No Variations]"
Add component (AddParameter): Name = "ComponentLink1URL"; Value = "https://www.smartw.ir/"; VariantName = "[No Variations]"
Add component (AddParameter): Name = "ComponentLink2Description"; Value = "Telegram"; VariantName = "[No Variations]"
Add component (AddParameter): Name = "ComponentLink2URL"; Value = "https://t.me/altium_smartw"; VariantName = "[No Variations]"
Add component (AddParameter): Name = "ComponentLink3Description"; Value = "Instagram"; VariantName = "[No Variations]"
Add component (AddParameter): Name = "ComponentLink3URL"; Value = "https://Instagram.com/smartgw.ir"; VariantName = "[No Variations]"
Add component (AddParameter): Name = "DatasheetVersion"; Value = "2021"; VariantName = "[No Variations]"
Add component (AddParameter): Name = "Value"; Value = "5.1V"; VariantName = "[No Variations]"
Added Component: Designator=DZ6(D_SOD80)
Add component (AddParameter): Name = "ComponentLink1Description"; Value = "Website Smart World"; VariantName = "[No Variations]"
Add component (AddParameter): Name = "ComponentLink1URL"; Value = "https://www.smartw.ir/"; VariantName = "[No Variations]"
Add component (AddParameter): Name = "ComponentLink2Description"; Value = "Telegram"; VariantName = "[No Variations]"
Add component (AddParameter): Name = "ComponentLink2URL"; Value = "https://t.me/altium_smartw"; VariantName = "[No Variations]"
Add component (AddParameter): Name = "ComponentLink3Description"; Value = "Instagram"; VariantName = "[No Variations]"
Add component (AddParameter): Name = "ComponentLink3URL"; Value = "https://Instagram.com/smartgw.ir"; VariantName = "[No Variations]"
Add component (AddParameter): Name = "DatasheetVersion"; Value = "2021"; VariantName = "[No Variations]"
Add component (AddParameter): Name = "Value"; Value = "5.1V"; VariantName = "[No Variations]"
Added Component: Designator=K1(PNSC-LD-P-4-2050x720x1530_V)
Added Component: Designator=L1(L1206)
Add component (AddParameter): Name = "ComponentLink1Description"; Value = "Website Smart World"; VariantName = "[No Variations]"
Add component (AddParameter): Name = "ComponentLink1URL"; Value = "https://www.smartw.ir/"; VariantName = "[No Variations]"
Add component (AddParameter): Name = "ComponentLink2Description"; Value = "Telegram"; VariantName = "[No Variations]"
Add component (AddParameter): Name = "ComponentLink2URL"; Value = "https://t.me/altium_smartw"; VariantName = "[No Variations]"
Add component (AddParameter): Name = "ComponentLink3Description"; Value = "Instagram"; VariantName = "[No Variations]"
Add component (AddParameter): Name = "ComponentLink3URL"; Value = "https://Instagram.com/smartgw.ir"; VariantName = "[No Variations]"
Add component (AddParameter): Name = "DatasheetVersion"; Value = "2021"; VariantName = "[No Variations]"
Add component (AddParameter): Name = "Value"; Value = "10uH"; VariantName = "[No Variations]"
Added Component: Designator=L2(LT_AX04)
Add component (AddParameter): Name = "ComponentLink1Description"; Value = "Website Smart World"; VariantName = "[No Variations]"
Add component (AddParameter): Name = "ComponentLink1URL"; Value = "https://www.smartw.ir/"; VariantName = "[No Variations]"
Add component (AddParameter): Name = "ComponentLink2Description"; Value = "Telegram"; VariantName = "[No Variations]"
Add component (AddParameter): Name = "ComponentLink2URL"; Value = "https://t.me/altium_smartw"; VariantName = "[No Variations]"
Add component (AddParameter): Name = "ComponentLink3Description"; Value = "Instagram"; VariantName = "[No Variations]"
Add component (AddParameter): Name = "ComponentLink3URL"; Value = "https://Instagram.com/smartgw.ir"; VariantName = "[No Variations]"
Add component (AddParameter): Name = "DatasheetVersion"; Value = "2021"; VariantName = "[No Variations]"
Add component (AddParameter): Name = "Value"; Value = "470uH"; VariantName = "[No Variations]"
Added Component: Designator=L3(LT_C10)
Add component (AddParameter): Name = "ComponentLink1Description"; Value = "Website Smart World"; VariantName = "[No Variations]"
Add component (AddParameter): Name = "ComponentLink1URL"; Value = "https://www.smartw.ir/"; VariantName = "[No Variations]"
Add component (AddParameter): Name = "ComponentLink2Description"; Value = "Telegram"; VariantName = "[No Variations]"
Add component (AddParameter): Name = "ComponentLink2URL"; Value = "https://t.me/altium_smartw"; VariantName = "[No Variations]"
Add component (AddParameter): Name = "ComponentLink3Description"; Value = "Instagram"; VariantName = "[No Variations]"
Add component (AddParameter): Name = "ComponentLink3URL"; Value = "https://Instagram.com/smartgw.ir"; VariantName = "[No Variations]"
Add component (AddParameter): Name = "DatasheetVersion"; Value = "2021"; VariantName = "[No Variations]"
Add component (AddParameter): Name = "Value"; Value = "1mH"; VariantName = "[No Variations]"
Added Component: Designator=LS1(FP-SD1614T5-B1-MFG)
Added Component: Designator=OP1(PC817 SMD)
Add component (AddParameter): Name = "ComponentLink2Description"; Value = "Website Smart World"; VariantName = "[No Variations]"
Add component (AddParameter): Name = "ComponentLink2URL"; Value = "https://www.smartw.ir/"; VariantName = "[No Variations]"
Add component (AddParameter): Name = "ComponentLink3Description"; Value = "Telegram"; VariantName = "[No Variations]"
Add component (AddParameter): Name = "ComponentLink3URL"; Value = "https://t.me/altium_smartw"; VariantName = "[No Variations]"
Add component (AddParameter): Name = "ComponentLink4Description"; Value = "Instagram"; VariantName = "[No Variations]"
Add component (AddParameter): Name = "ComponentLink4URL"; Value = "https://Instagram.com/smartgw.ir"; VariantName = "[No Variations]"
Add component (AddParameter): Name = "DatasheetVersion"; Value = "2021"; VariantName = "[No Variations]"
Added Component: Designator=OP2(PC817 SMD)
Add component (AddParameter): Name = "ComponentLink2Description"; Value = "Website Smart World"; VariantName = "[No Variations]"
Add component (AddParameter): Name = "ComponentLink2URL"; Value = "https://www.smartw.ir/"; VariantName = "[No Variations]"
Add component (AddParameter): Name = "ComponentLink3Description"; Value = "Telegram"; VariantName = "[No Variations]"
Add component (AddParameter): Name = "ComponentLink3URL"; Value = "https://t.me/altium_smartw"; VariantName = "[No Variations]"
Add component (AddParameter): Name = "ComponentLink4Description"; Value = "Instagram"; VariantName = "[No Variations]"
Add component (AddParameter): Name = "ComponentLink4URL"; Value = "https://Instagram.com/smartgw.ir"; VariantName = "[No Variations]"
Add component (AddParameter): Name = "DatasheetVersion"; Value = "2021"; VariantName = "[No Variations]"
Added Component: Designator=OP3(PC817 SMD)
Add component (AddParameter): Name = "ComponentLink2Description"; Value = "Website Smart World"; VariantName = "[No Variations]"
Add component (AddParameter): Name = "ComponentLink2URL"; Value = "https://www.smartw.ir/"; VariantName = "[No Variations]"
Add component (AddParameter): Name = "ComponentLink3Description"; Value = "Telegram"; VariantName = "[No Variations]"
Add component (AddParameter): Name = "ComponentLink3URL"; Value = "https://t.me/altium_smartw"; VariantName = "[No Variations]"
Add component (AddParameter): Name = "ComponentLink4Description"; Value = "Instagram"; VariantName = "[No Variations]"
Add component (AddParameter): Name = "ComponentLink4URL"; Value = "https://Instagram.com/smartgw.ir"; VariantName = "[No Variations]"
Add component (AddParameter): Name = "DatasheetVersion"; Value = "2021"; VariantName = "[No Variations]"
Added Component: Designator=P1(HDR2X5)
Add component (AddParameter): Name = "LatestRevisionDate"; Value = "17-Jul-2002"; VariantName = "[No Variations]"
Add component (AddParameter): Name = "LatestRevisionNote"; Value = "Re-released for DXP Platform."; VariantName = "[No Variations]"
Add component (AddParameter): Name = "Publisher"; Value = "Altium Limited"; VariantName = "[No Variations]"
Added Component: Designator=P2(691312510002)
Added Component: Designator=P3(691312510002)
Added Component: Designator=P4(691312510002)
Added Component: Designator=P5(HDR 1X2)
Add component (AddParameter): Name = "ComponentLinkp-URL"; Value = "https://www.smartw.ir/"; VariantName = "[No Variations]"
Add component (AddParameter): Name = "DatasheetVersion"; Value = "2020"; VariantName = "[No Variations]"
Added Component: Designator=P6(HDR 1X2)
Add component (AddParameter): Name = "ComponentLinkp-URL"; Value = "https://www.smartw.ir/"; VariantName = "[No Variations]"
Add component (AddParameter): Name = "DatasheetVersion"; Value = "2020"; VariantName = "[No Variations]"
Added Component: Designator=P7(HDR 1X2)
Add component (AddParameter): Name = "ComponentLinkp-URL"; Value = "https://www.smartw.ir/"; VariantName = "[No Variations]"
Add component (AddParameter): Name = "DatasheetVersion"; Value = "2020"; VariantName = "[No Variations]"
Added Component: Designator=Q1(TO220)
Add component (AddParameter): Name = "ComponentLink1Description"; Value = "Website Smart World"; VariantName = "[No Variations]"
Add component (AddParameter): Name = "ComponentLink1URL"; Value = "https://www.smartw.ir/"; VariantName = "[No Variations]"
Add component (AddParameter): Name = "ComponentLink2Description"; Value = "Telegram"; VariantName = "[No Variations]"
Add component (AddParameter): Name = "ComponentLink2URL"; Value = "https://t.me/altium_smartw"; VariantName = "[No Variations]"
Add component (AddParameter): Name = "ComponentLink3Description"; Value = "Instagram"; VariantName = "[No Variations]"
Add component (AddParameter): Name = "ComponentLink3URL"; Value = "https://Instagram.com/smartgw.ir"; VariantName = "[No Variations]"
Add component (AddParameter): Name = "DatasheetVersion"; Value = "2021"; VariantName = "[No Variations]"
Add component (AddParameter): Name = "VALUE"; Value = "BTA16"; VariantName = "[No Variations]"
Added Component: Designator=Q2(SOT-23)
Add component (AddParameter): Name = "ComponentLink1Description"; Value = "Website Smart World"; VariantName = "[No Variations]"
Add component (AddParameter): Name = "ComponentLink1URL"; Value = "https://www.smartw.ir/"; VariantName = "[No Variations]"
Add component (AddParameter): Name = "ComponentLink2Description"; Value = "Telegram"; VariantName = "[No Variations]"
Add component (AddParameter): Name = "ComponentLink2URL"; Value = "https://t.me/altium_smartw"; VariantName = "[No Variations]"
Add component (AddParameter): Name = "ComponentLink3Description"; Value = "Instagram"; VariantName = "[No Variations]"
Add component (AddParameter): Name = "ComponentLink3URL"; Value = "https://Instagram.com/smartgw.ir"; VariantName = "[No Variations]"
Add component (AddParameter): Name = "DatasheetVersion"; Value = "2021"; VariantName = "[No Variations]"
Add component (AddParameter): Name = "Value"; Value = "BC847"; VariantName = "[No Variations]"
Added Component: Designator=Q3(SOT-23)
Add component (AddParameter): Name = "ComponentLink1Description"; Value = "Website Smart World"; VariantName = "[No Variations]"
Add component (AddParameter): Name = "ComponentLink1URL"; Value = "https://www.smartw.ir/"; VariantName = "[No Variations]"
Add component (AddParameter): Name = "ComponentLink2Description"; Value = "Telegram"; VariantName = "[No Variations]"
Add component (AddParameter): Name = "ComponentLink2URL"; Value = "https://t.me/altium_smartw"; VariantName = "[No Variations]"
Add component (AddParameter): Name = "ComponentLink3Description"; Value = "Instagram"; VariantName = "[No Variations]"
Add component (AddParameter): Name = "ComponentLink3URL"; Value = "https://Instagram.com/smartgw.ir"; VariantName = "[No Variations]"
Add component (AddParameter): Name = "DatasheetVersion"; Value = "2021"; VariantName = "[No Variations]"
Add component (AddParameter): Name = "Value"; Value = "2SB1194K"; VariantName = "[No Variations]"
Added Component: Designator=R1(SMD-1206-RES)
Add component (AddParameter): Name = "ComponentLink1Description"; Value = "Website Smart World"; VariantName = "[No Variations]"
Add component (AddParameter): Name = "ComponentLink1URL"; Value = "https://www.smartw.ir/"; VariantName = "[No Variations]"
Add component (AddParameter): Name = "ComponentLink2Description"; Value = "Telegram"; VariantName = "[No Variations]"
Add component (AddParameter): Name = "ComponentLink2URL"; Value = "https://t.me/altium_smartw"; VariantName = "[No Variations]"
Add component (AddParameter): Name = "ComponentLink3Description"; Value = "Instagram"; VariantName = "[No Variations]"
Add component (AddParameter): Name = "ComponentLink3URL"; Value = "https://Instagram.com/smartgw.ir"; VariantName = "[No Variations]"
Add component (AddParameter): Name = "DatasheetVersion"; Value = "2021"; VariantName = "[No Variations]"
Add component (AddParameter): Name = "Value"; Value = "1K"; VariantName = "[No Variations]"
Added Component: Designator=R2(SMD-1206-RES)
Add component (AddParameter): Name = "ComponentLink1Description"; Value = "Website Smart World"; VariantName = "[No Variations]"
Add component (AddParameter): Name = "ComponentLink1URL"; Value = "https://www.smartw.ir/"; VariantName = "[No Variations]"
Add component (AddParameter): Name = "ComponentLink2Description"; Value = "Telegram"; VariantName = "[No Variations]"
Add component (AddParameter): Name = "ComponentLink2URL"; Value = "https://t.me/altium_smartw"; VariantName = "[No Variations]"
Add component (AddParameter): Name = "ComponentLink3Description"; Value = "Instagram"; VariantName = "[No Variations]"
Add component (AddParameter): Name = "ComponentLink3URL"; Value = "https://Instagram.com/smartgw.ir"; VariantName = "[No Variations]"
Add component (AddParameter): Name = "DatasheetVersion"; Value = "2021"; VariantName = "[No Variations]"
Add component (AddParameter): Name = "Value"; Value = "1K"; VariantName = "[No Variations]"
Added Component: Designator=R3(SMD-1206-RES)
Add component (AddParameter): Name = "ComponentLink1Description"; Value = "Website Smart World"; VariantName = "[No Variations]"
Add component (AddParameter): Name = "ComponentLink1URL"; Value = "https://www.smartw.ir/"; VariantName = "[No Variations]"
Add component (AddParameter): Name = "ComponentLink2Description"; Value = "Telegram"; VariantName = "[No Variations]"
Add component (AddParameter): Name = "ComponentLink2URL"; Value = "https://t.me/altium_smartw"; VariantName = "[No Variations]"
Add component (AddParameter): Name = "ComponentLink3Description"; Value = "Instagram"; VariantName = "[No Variations]"
Add component (AddParameter): Name = "ComponentLink3URL"; Value = "https://Instagram.com/smartgw.ir"; VariantName = "[No Variations]"
Add component (AddParameter): Name = "DatasheetVersion"; Value = "2021"; VariantName = "[No Variations]"
Add component (AddParameter): Name = "Value"; Value = "1K"; VariantName = "[No Variations]"
Added Component: Designator=R4(SMD-1206-RES)
Add component (AddParameter): Name = "ComponentLink1Description"; Value = "Website Smart World"; VariantName = "[No Variations]"
Add component (AddParameter): Name = "ComponentLink1URL"; Value = "https://www.smartw.ir/"; VariantName = "[No Variations]"
Add component (AddParameter): Name = "ComponentLink2Description"; Value = "Telegram"; VariantName = "[No Variations]"
Add component (AddParameter): Name = "ComponentLink2URL"; Value = "https://t.me/altium_smartw"; VariantName = "[No Variations]"
Add component (AddParameter): Name = "ComponentLink3Description"; Value = "Instagram"; VariantName = "[No Variations]"
Add component (AddParameter): Name = "ComponentLink3URL"; Value = "https://Instagram.com/smartgw.ir"; VariantName = "[No Variations]"
Add component (AddParameter): Name = "DatasheetVersion"; Value = "2021"; VariantName = "[No Variations]"
Add component (AddParameter): Name = "Value"; Value = "1K"; VariantName = "[No Variations]"
Added Component: Designator=R5(SMD-1206-RES)
Add component (AddParameter): Name = "ComponentLink1Description"; Value = "Website Smart World"; VariantName = "[No Variations]"
Add component (AddParameter): Name = "ComponentLink1URL"; Value = "https://www.smartw.ir/"; VariantName = "[No Variations]"
Add component (AddParameter): Name = "ComponentLink2Description"; Value = "Telegram"; VariantName = "[No Variations]"
Add component (AddParameter): Name = "ComponentLink2URL"; Value = "https://t.me/altium_smartw"; VariantName = "[No Variations]"
Add component (AddParameter): Name = "ComponentLink3Description"; Value = "Instagram"; VariantName = "[No Variations]"
Add component (AddParameter): Name = "ComponentLink3URL"; Value = "https://Instagram.com/smartgw.ir"; VariantName = "[No Variations]"
Add component (AddParameter): Name = "DatasheetVersion"; Value = "2021"; VariantName = "[No Variations]"
Add component (AddParameter): Name = "Value"; Value = "1K"; VariantName = "[No Variations]"
Added Component: Designator=R6(SMD-1206-RES)
Add component (AddParameter): Name = "ComponentLink1Description"; Value = "Website Smart World"; VariantName = "[No Variations]"
Add component (AddParameter): Name = "ComponentLink1URL"; Value = "https://www.smartw.ir/"; VariantName = "[No Variations]"
Add component (AddParameter): Name = "ComponentLink2Description"; Value = "Telegram"; VariantName = "[No Variations]"
Add component (AddParameter): Name = "ComponentLink2URL"; Value = "https://t.me/altium_smartw"; VariantName = "[No Variations]"
Add component (AddParameter): Name = "ComponentLink3Description"; Value = "Instagram"; VariantName = "[No Variations]"
Add component (AddParameter): Name = "ComponentLink3URL"; Value = "https://Instagram.com/smartgw.ir"; VariantName = "[No Variations]"
Add component (AddParameter): Name = "DatasheetVersion"; Value = "2021"; VariantName = "[No Variations]"
Add component (AddParameter): Name = "Value"; Value = "LED"; VariantName = "[No Variations]"
Added Component: Designator=R7(SMD-1206-RES)
Add component (AddParameter): Name = "ComponentLink1Description"; Value = "Website Smart World"; VariantName = "[No Variations]"
Add component (AddParameter): Name = "ComponentLink1URL"; Value = "https://www.smartw.ir/"; VariantName = "[No Variations]"
Add component (AddParameter): Name = "ComponentLink2Description"; Value = "Telegram"; VariantName = "[No Variations]"
Add component (AddParameter): Name = "ComponentLink2URL"; Value = "https://t.me/altium_smartw"; VariantName = "[No Variations]"
Add component (AddParameter): Name = "ComponentLink3Description"; Value = "Instagram"; VariantName = "[No Variations]"
Add component (AddParameter): Name = "ComponentLink3URL"; Value = "https://Instagram.com/smartgw.ir"; VariantName = "[No Variations]"
Add component (AddParameter): Name = "DatasheetVersion"; Value = "2021"; VariantName = "[No Variations]"
Add component (AddParameter): Name = "Value"; Value = "1K"; VariantName = "[No Variations]"
Added Component: Designator=R8(SMD-1206-RES)
Add component (AddParameter): Name = "ComponentLink1Description"; Value = "Website Smart World"; VariantName = "[No Variations]"
Add component (AddParameter): Name = "ComponentLink1URL"; Value = "https://www.smartw.ir/"; VariantName = "[No Variations]"
Add component (AddParameter): Name = "ComponentLink2Description"; Value = "Telegram"; VariantName = "[No Variations]"
Add component (AddParameter): Name = "ComponentLink2URL"; Value = "https://t.me/altium_smartw"; VariantName = "[No Variations]"
Add component (AddParameter): Name = "ComponentLink3Description"; Value = "Instagram"; VariantName = "[No Variations]"
Add component (AddParameter): Name = "ComponentLink3URL"; Value = "https://Instagram.com/smartgw.ir"; VariantName = "[No Variations]"
Add component (AddParameter): Name = "DatasheetVersion"; Value = "2021"; VariantName = "[No Variations]"
Add component (AddParameter): Name = "Value"; Value = "0.3R"; VariantName = "[No Variations]"
Added Component: Designator=R9(SMD-1206-RES)
Add component (AddParameter): Name = "ComponentLink1Description"; Value = "Website Smart World"; VariantName = "[No Variations]"
Add component (AddParameter): Name = "ComponentLink1URL"; Value = "https://www.smartw.ir/"; VariantName = "[No Variations]"
Add component (AddParameter): Name = "ComponentLink2Description"; Value = "Telegram"; VariantName = "[No Variations]"
Add component (AddParameter): Name = "ComponentLink2URL"; Value = "https://t.me/altium_smartw"; VariantName = "[No Variations]"
Add component (AddParameter): Name = "ComponentLink3Description"; Value = "Instagram"; VariantName = "[No Variations]"
Add component (AddParameter): Name = "ComponentLink3URL"; Value = "https://Instagram.com/smartgw.ir"; VariantName = "[No Variations]"
Add component (AddParameter): Name = "DatasheetVersion"; Value = "2021"; VariantName = "[No Variations]"
Add component (AddParameter): Name = "Value"; Value = "10K"; VariantName = "[No Variations]"
Added Component: Designator=R10(SMD-1206-RES)
Add component (AddParameter): Name = "ComponentLink1Description"; Value = "Website Smart World"; VariantName = "[No Variations]"
Add component (AddParameter): Name = "ComponentLink1URL"; Value = "https://www.smartw.ir/"; VariantName = "[No Variations]"
Add component (AddParameter): Name = "ComponentLink2Description"; Value = "Telegram"; VariantName = "[No Variations]"
Add component (AddParameter): Name = "ComponentLink2URL"; Value = "https://t.me/altium_smartw"; VariantName = "[No Variations]"
Add component (AddParameter): Name = "ComponentLink3Description"; Value = "Instagram"; VariantName = "[No Variations]"
Add component (AddParameter): Name = "ComponentLink3URL"; Value = "https://Instagram.com/smartgw.ir"; VariantName = "[No Variations]"
Add component (AddParameter): Name = "DatasheetVersion"; Value = "2021"; VariantName = "[No Variations]"
Add component (AddParameter): Name = "Value"; Value = "27K"; VariantName = "[No Variations]"
Added Component: Designator=R11(RESA86-1060X240)
Added Component: Designator=R12(SMD-1206-RES)
Add component (AddParameter): Name = "ComponentLink1Description"; Value = "Website Smart World"; VariantName = "[No Variations]"
Add component (AddParameter): Name = "ComponentLink1URL"; Value = "https://www.smartw.ir/"; VariantName = "[No Variations]"
Add component (AddParameter): Name = "ComponentLink2Description"; Value = "Telegram"; VariantName = "[No Variations]"
Add component (AddParameter): Name = "ComponentLink2URL"; Value = "https://t.me/altium_smartw"; VariantName = "[No Variations]"
Add component (AddParameter): Name = "ComponentLink3Description"; Value = "Instagram"; VariantName = "[No Variations]"
Add component (AddParameter): Name = "ComponentLink3URL"; Value = "https://Instagram.com/smartgw.ir"; VariantName = "[No Variations]"
Add component (AddParameter): Name = "DatasheetVersion"; Value = "2021"; VariantName = "[No Variations]"
Add component (AddParameter): Name = "Value"; Value = "10K"; VariantName = "[No Variations]"
Added Component: Designator=R13(SMD-1206-RES)
Add component (AddParameter): Name = "ComponentLink1Description"; Value = "Website Smart World"; VariantName = "[No Variations]"
Add component (AddParameter): Name = "ComponentLink1URL"; Value = "https://www.smartw.ir/"; VariantName = "[No Variations]"
Add component (AddParameter): Name = "ComponentLink2Description"; Value = "Telegram"; VariantName = "[No Variations]"
Add component (AddParameter): Name = "ComponentLink2URL"; Value = "https://t.me/altium_smartw"; VariantName = "[No Variations]"
Add component (AddParameter): Name = "ComponentLink3Description"; Value = "Instagram"; VariantName = "[No Variations]"
Add component (AddParameter): Name = "ComponentLink3URL"; Value = "https://Instagram.com/smartgw.ir"; VariantName = "[No Variations]"
Add component (AddParameter): Name = "DatasheetVersion"; Value = "2021"; VariantName = "[No Variations]"
Add component (AddParameter): Name = "Value"; Value = "1K"; VariantName = "[No Variations]"
Added Component: Designator=R14(SMD-1206-RES)
Add component (AddParameter): Name = "ComponentLink1Description"; Value = "Website Smart World"; VariantName = "[No Variations]"
Add component (AddParameter): Name = "ComponentLink1URL"; Value = "https://www.smartw.ir/"; VariantName = "[No Variations]"
Add component (AddParameter): Name = "ComponentLink2Description"; Value = "Telegram"; VariantName = "[No Variations]"
Add component (AddParameter): Name = "ComponentLink2URL"; Value = "https://t.me/altium_smartw"; VariantName = "[No Variations]"
Add component (AddParameter): Name = "ComponentLink3Description"; Value = "Instagram"; VariantName = "[No Variations]"
Add component (AddParameter): Name = "ComponentLink3URL"; Value = "https://Instagram.com/smartgw.ir"; VariantName = "[No Variations]"
Add component (AddParameter): Name = "DatasheetVersion"; Value = "2021"; VariantName = "[No Variations]"
Add component (AddParameter): Name = "Value"; Value = "1K"; VariantName = "[No Variations]"
Added Component: Designator=R15(RESA86-1060X240)
Added Component: Designator=R16(RESA86-1060X240)
Added Component: Designator=R17(SMD-1206-RES)
Add component (AddParameter): Name = "ComponentLink1Description"; Value = "Website Smart World"; VariantName = "[No Variations]"
Add component (AddParameter): Name = "ComponentLink1URL"; Value = "https://www.smartw.ir/"; VariantName = "[No Variations]"
Add component (AddParameter): Name = "ComponentLink2Description"; Value = "Telegram"; VariantName = "[No Variations]"
Add component (AddParameter): Name = "ComponentLink2URL"; Value = "https://t.me/altium_smartw"; VariantName = "[No Variations]"
Add component (AddParameter): Name = "ComponentLink3Description"; Value = "Instagram"; VariantName = "[No Variations]"
Add component (AddParameter): Name = "ComponentLink3URL"; Value = "https://Instagram.com/smartgw.ir"; VariantName = "[No Variations]"
Add component (AddParameter): Name = "DatasheetVersion"; Value = "2021"; VariantName = "[No Variations]"
Add component (AddParameter): Name = "Value"; Value = "0R"; VariantName = "[No Variations]"
Added Component: Designator=R18(SMD-1206-RES)
Add component (AddParameter): Name = "ComponentLink1Description"; Value = "Website Smart World"; VariantName = "[No Variations]"
Add component (AddParameter): Name = "ComponentLink1URL"; Value = "https://www.smartw.ir/"; VariantName = "[No Variations]"
Add component (AddParameter): Name = "ComponentLink2Description"; Value = "Telegram"; VariantName = "[No Variations]"
Add component (AddParameter): Name = "ComponentLink2URL"; Value = "https://t.me/altium_smartw"; VariantName = "[No Variations]"
Add component (AddParameter): Name = "ComponentLink3Description"; Value = "Instagram"; VariantName = "[No Variations]"
Add component (AddParameter): Name = "ComponentLink3URL"; Value = "https://Instagram.com/smartgw.ir"; VariantName = "[No Variations]"
Add component (AddParameter): Name = "DatasheetVersion"; Value = "2021"; VariantName = "[No Variations]"
Add component (AddParameter): Name = "Value"; Value = "1K"; VariantName = "[No Variations]"
Added Component: Designator=R19(SMD-1206-RES)
Add component (AddParameter): Name = "ComponentLink1Description"; Value = "Website Smart World"; VariantName = "[No Variations]"
Add component (AddParameter): Name = "ComponentLink1URL"; Value = "https://www.smartw.ir/"; VariantName = "[No Variations]"
Add component (AddParameter): Name = "ComponentLink2Description"; Value = "Telegram"; VariantName = "[No Variations]"
Add component (AddParameter): Name = "ComponentLink2URL"; Value = "https://t.me/altium_smartw"; VariantName = "[No Variations]"
Add component (AddParameter): Name = "ComponentLink3Description"; Value = "Instagram"; VariantName = "[No Variations]"
Add component (AddParameter): Name = "ComponentLink3URL"; Value = "https://Instagram.com/smartgw.ir"; VariantName = "[No Variations]"
Add component (AddParameter): Name = "DatasheetVersion"; Value = "2021"; VariantName = "[No Variations]"
Add component (AddParameter): Name = "Value"; Value = "1K"; VariantName = "[No Variations]"
Added Component: Designator=R20(RESA86-1060X240)
Added Component: Designator=R21(SMD-1206-RES)
Add component (AddParameter): Name = "ComponentLink1Description"; Value = "Website Smart World"; VariantName = "[No Variations]"
Add component (AddParameter): Name = "ComponentLink1URL"; Value = "https://www.smartw.ir/"; VariantName = "[No Variations]"
Add component (AddParameter): Name = "ComponentLink2Description"; Value = "Telegram"; VariantName = "[No Variations]"
Add component (AddParameter): Name = "ComponentLink2URL"; Value = "https://t.me/altium_smartw"; VariantName = "[No Variations]"
Add component (AddParameter): Name = "ComponentLink3Description"; Value = "Instagram"; VariantName = "[No Variations]"
Add component (AddParameter): Name = "ComponentLink3URL"; Value = "https://Instagram.com/smartgw.ir"; VariantName = "[No Variations]"
Add component (AddParameter): Name = "DatasheetVersion"; Value = "2021"; VariantName = "[No Variations]"
Add component (AddParameter): Name = "Value"; Value = "1K"; VariantName = "[No Variations]"
Added Component: Designator=R22(SMD-1206-RES)
Add component (AddParameter): Name = "ComponentLink1Description"; Value = "Website Smart World"; VariantName = "[No Variations]"
Add component (AddParameter): Name = "ComponentLink1URL"; Value = "https://www.smartw.ir/"; VariantName = "[No Variations]"
Add component (AddParameter): Name = "ComponentLink2Description"; Value = "Telegram"; VariantName = "[No Variations]"
Add component (AddParameter): Name = "ComponentLink2URL"; Value = "https://t.me/altium_smartw"; VariantName = "[No Variations]"
Add component (AddParameter): Name = "ComponentLink3Description"; Value = "Instagram"; VariantName = "[No Variations]"
Add component (AddParameter): Name = "ComponentLink3URL"; Value = "https://Instagram.com/smartgw.ir"; VariantName = "[No Variations]"
Add component (AddParameter): Name = "DatasheetVersion"; Value = "2021"; VariantName = "[No Variations]"
Add component (AddParameter): Name = "Value"; Value = "0R"; VariantName = "[No Variations]"
Added Component: Designator=R23(SMD-1206-RES)
Add component (AddParameter): Name = "ComponentLink1Description"; Value = "Website Smart World"; VariantName = "[No Variations]"
Add component (AddParameter): Name = "ComponentLink1URL"; Value = "https://www.smartw.ir/"; VariantName = "[No Variations]"
Add component (AddParameter): Name = "ComponentLink2Description"; Value = "Telegram"; VariantName = "[No Variations]"
Add component (AddParameter): Name = "ComponentLink2URL"; Value = "https://t.me/altium_smartw"; VariantName = "[No Variations]"
Add component (AddParameter): Name = "ComponentLink3Description"; Value = "Instagram"; VariantName = "[No Variations]"
Add component (AddParameter): Name = "ComponentLink3URL"; Value = "https://Instagram.com/smartgw.ir"; VariantName = "[No Variations]"
Add component (AddParameter): Name = "DatasheetVersion"; Value = "2021"; VariantName = "[No Variations]"
Add component (AddParameter): Name = "Value"; Value = "0R"; VariantName = "[No Variations]"
Added Component: Designator=R24(RESA86-1060X240)
Added Component: Designator=R25(Res-(1/4))
Add component (AddParameter): Name = "ComponentLink1Description"; Value = "Website Smart World"; VariantName = "[No Variations]"
Add component (AddParameter): Name = "ComponentLink1URL"; Value = "https://www.smartw.ir/"; VariantName = "[No Variations]"
Add component (AddParameter): Name = "ComponentLink2Description"; Value = "Telegram"; VariantName = "[No Variations]"
Add component (AddParameter): Name = "ComponentLink2URL"; Value = "https://t.me/altium_smartw"; VariantName = "[No Variations]"
Add component (AddParameter): Name = "ComponentLink3Description"; Value = "Instagram"; VariantName = "[No Variations]"
Add component (AddParameter): Name = "ComponentLink3URL"; Value = "https://Instagram.com/smartgw.ir"; VariantName = "[No Variations]"
Add component (AddParameter): Name = "DatasheetVersion"; Value = "2021"; VariantName = "[No Variations]"
Add component (AddParameter): Name = "Value"; Value = "1K"; VariantName = "[No Variations]"
Added Component: Designator=R26(FP-B72205S0-MFG)
Added Component: Designator=R27(SMD-1206-RES)
Add component (AddParameter): Name = "ComponentLink1Description"; Value = "Website Smart World"; VariantName = "[No Variations]"
Add component (AddParameter): Name = "ComponentLink1URL"; Value = "https://www.smartw.ir/"; VariantName = "[No Variations]"
Add component (AddParameter): Name = "ComponentLink2Description"; Value = "Telegram"; VariantName = "[No Variations]"
Add component (AddParameter): Name = "ComponentLink2URL"; Value = "https://t.me/altium_smartw"; VariantName = "[No Variations]"
Add component (AddParameter): Name = "ComponentLink3Description"; Value = "Instagram"; VariantName = "[No Variations]"
Add component (AddParameter): Name = "ComponentLink3URL"; Value = "https://Instagram.com/smartgw.ir"; VariantName = "[No Variations]"
Add component (AddParameter): Name = "DatasheetVersion"; Value = "2021"; VariantName = "[No Variations]"
Add component (AddParameter): Name = "Value"; Value = "1K"; VariantName = "[No Variations]"
Added Component: Designator=R28(SMD-1206-RES)
Add component (AddParameter): Name = "ComponentLink1Description"; Value = "Website Smart World"; VariantName = "[No Variations]"
Add component (AddParameter): Name = "ComponentLink1URL"; Value = "https://www.smartw.ir/"; VariantName = "[No Variations]"
Add component (AddParameter): Name = "ComponentLink2Description"; Value = "Telegram"; VariantName = "[No Variations]"
Add component (AddParameter): Name = "ComponentLink2URL"; Value = "https://t.me/altium_smartw"; VariantName = "[No Variations]"
Add component (AddParameter): Name = "ComponentLink3Description"; Value = "Instagram"; VariantName = "[No Variations]"
Add component (AddParameter): Name = "ComponentLink3URL"; Value = "https://Instagram.com/smartgw.ir"; VariantName = "[No Variations]"
Add component (AddParameter): Name = "DatasheetVersion"; Value = "2021"; VariantName = "[No Variations]"
Add component (AddParameter): Name = "Value"; Value = "1K"; VariantName = "[No Variations]"
Added Component: Designator=R29(SMD-1206-RES)
Add component (AddParameter): Name = "ComponentLink1Description"; Value = "Website Smart World"; VariantName = "[No Variations]"
Add component (AddParameter): Name = "ComponentLink1URL"; Value = "https://www.smartw.ir/"; VariantName = "[No Variations]"
Add component (AddParameter): Name = "ComponentLink2Description"; Value = "Telegram"; VariantName = "[No Variations]"
Add component (AddParameter): Name = "ComponentLink2URL"; Value = "https://t.me/altium_smartw"; VariantName = "[No Variations]"
Add component (AddParameter): Name = "ComponentLink3Description"; Value = "Instagram"; VariantName = "[No Variations]"
Add component (AddParameter): Name = "ComponentLink3URL"; Value = "https://Instagram.com/smartgw.ir"; VariantName = "[No Variations]"
Add component (AddParameter): Name = "DatasheetVersion"; Value = "2021"; VariantName = "[No Variations]"
Add component (AddParameter): Name = "Value"; Value = "1K"; VariantName = "[No Variations]"
Added Component: Designator=S1(dip switch 1 Red THD)
Add component (AddParameter): Name = "ComponentLink1Description"; Value = "Website Smart World"; VariantName = "[No Variations]"
Add component (AddParameter): Name = "ComponentLink1URL"; Value = "https://www.smartw.ir/"; VariantName = "[No Variations]"
Add component (AddParameter): Name = "ComponentLink2Description"; Value = "Telegram"; VariantName = "[No Variations]"
Add component (AddParameter): Name = "ComponentLink2URL"; Value = "https://t.me/altium_smartw"; VariantName = "[No Variations]"
Add component (AddParameter): Name = "ComponentLink3Description"; Value = "Instagram"; VariantName = "[No Variations]"
Add component (AddParameter): Name = "ComponentLink3URL"; Value = "https://Instagram.com/smartgw.ir"; VariantName = "[No Variations]"
Add component (AddParameter): Name = "DatasheetVersion"; Value = "2021"; VariantName = "[No Variations]"
Added Component: Designator=Sink1(heatsink (4))
Added Component: Designator=SW1(430156043726)
Added Component: Designator=SW2(430156043726)
Added Component: Designator=U1(32A_N)
Add component (AddParameter): Name = "ComponentLink1Description"; Value = "Website Smart World"; VariantName = "[No Variations]"
Add component (AddParameter): Name = "ComponentLink1URL"; Value = "https://www.smartw.ir/"; VariantName = "[No Variations]"
Added Component: Designator=U2(SOT-89_L)
Added Component: Designator=U3(NE555 SMD)
Add component (AddParameter): Name = "ComponentLink1Description"; Value = "Website Smart World"; VariantName = "[No Variations]"
Add component (AddParameter): Name = "ComponentLink1URL"; Value = "https://www.smartw.ir/"; VariantName = "[No Variations]"
Add component (AddParameter): Name = "ComponentLink2Description"; Value = "Telegram"; VariantName = "[No Variations]"
Add component (AddParameter): Name = "ComponentLink2URL"; Value = "https://t.me/altium_smartw"; VariantName = "[No Variations]"
Add component (AddParameter): Name = "ComponentLink3Description"; Value = "Instagram"; VariantName = "[No Variations]"
Add component (AddParameter): Name = "ComponentLink3URL"; Value = "https://Instagram.com/smartgw.ir"; VariantName = "[No Variations]"
Add component (AddParameter): Name = "DatasheetVersion"; Value = "2021"; VariantName = "[No Variations]"
Add component (AddParameter): Name = "Value"; Value = "Ne555"; VariantName = "[No Variations]"
Added Component: Designator=U4(LTST-DIP-6)
Added Component: Designator=U5(SOIC-8)
Add component (AddParameter): Name = "ComponentLink1Description"; Value = "Website Smart World"; VariantName = "[No Variations]"
Add component (AddParameter): Name = "ComponentLink1URL"; Value = "https://www.smartw.ir/"; VariantName = "[No Variations]"
Add component (AddParameter): Name = "ComponentLink2Description"; Value = "Telegram"; VariantName = "[No Variations]"
Add component (AddParameter): Name = "ComponentLink2URL"; Value = "https://t.me/altium_smartw"; VariantName = "[No Variations]"
Add component (AddParameter): Name = "ComponentLink3Description"; Value = "Instagram"; VariantName = "[No Variations]"
Add component (AddParameter): Name = "ComponentLink3URL"; Value = "https://Instagram.com/smartgw.ir"; VariantName = "[No Variations]"
Add component (AddParameter): Name = "DatasheetVersion"; Value = "2021"; VariantName = "[No Variations]"
Add component (AddParameter): Name = "Value"; Value = "Ne555"; VariantName = "[No Variations]"
Added Component: Designator=Y1(FOX-FOXSLF160-20)
Added Pin To Net: NetName=+5_555 Pin=C7-2
Added Pin To Net: NetName=+5_555 Pin=R9-2
Added Pin To Net: NetName=+5_555 Pin=U3-4
Added Pin To Net: NetName=+5_555 Pin=U3-8
Added Net: Name=+5_555
Added Pin To Net: NetName=+5 Pin=1-3
Added Pin To Net: NetName=+5 Pin=C1-2
Added Pin To Net: NetName=+5 Pin=C19-1
Added Pin To Net: NetName=+5 Pin=C20-2
Added Pin To Net: NetName=+5 Pin=C21-2
Added Pin To Net: NetName=+5 Pin=C22-2
Added Pin To Net: NetName=+5 Pin=DZ3-2
Added Pin To Net: NetName=+5 Pin=L1-2
Added Pin To Net: NetName=+5 Pin=OP1-4
Added Pin To Net: NetName=+5 Pin=OP2-4
Added Pin To Net: NetName=+5 Pin=P5-1
Added Pin To Net: NetName=+5 Pin=P6-1
Added Pin To Net: NetName=+5 Pin=P7-1
Added Pin To Net: NetName=+5 Pin=Q3-2
Added Pin To Net: NetName=+5 Pin=R1-2
Added Pin To Net: NetName=+5 Pin=S1-2
Added Pin To Net: NetName=+5 Pin=U1-4
Added Pin To Net: NetName=+5 Pin=U1-6
Added Net: Name=+5
Added Pin To Net: NetName=+12_555 Pin=Conn1-2
Added Pin To Net: NetName=+12_555 Pin=Conn2-2
Added Pin To Net: NetName=+12_555 Pin=Conn3-2
Added Pin To Net: NetName=+12_555 Pin=R8-1
Added Net: Name=+12_555
Added Pin To Net: NetName=+12 Pin=1-1
Added Pin To Net: NetName=+12 Pin=C18-2
Added Pin To Net: NetName=+12 Pin=OP3-4
Added Pin To Net: NetName=+12 Pin=R22-2
Added Net: Name=+12
Added Pin To Net: NetName=DIS Pin=R9-1
Added Pin To Net: NetName=DIS Pin=R10-2
Added Pin To Net: NetName=DIS Pin=U3-7
Added Net: Name=DIS
Added Pin To Net: NetName=ERROR_LED Pin=R5-1
Added Pin To Net: NetName=ERROR_LED Pin=U1-30
Added Net: Name=ERROR_LED
Added Pin To Net: NetName=FAN_PWM_IN Pin=OP1-3
Added Pin To Net: NetName=FAN_PWM_IN Pin=R4-2
Added Pin To Net: NetName=FAN_PWM_IN Pin=U1-12
Added Net: Name=FAN_PWM_IN
Added Pin To Net: NetName=FUSE_TRIAC Pin=Q1-2
Added Pin To Net: NetName=FUSE_TRIAC Pin=R13-2
Added Pin To Net: NetName=FUSE_TRIAC Pin=R17-2
Added Pin To Net: NetName=FUSE_TRIAC Pin=R23-1
Added Net: Name=FUSE_TRIAC
Added Pin To Net: NetName=GND_555 Pin=C6-2
Added Pin To Net: NetName=GND_555 Pin=C7-1
Added Pin To Net: NetName=GND_555 Pin=C8-1
Added Pin To Net: NetName=GND_555 Pin=C9-1
Added Pin To Net: NetName=GND_555 Pin=Conn1-1
Added Pin To Net: NetName=GND_555 Pin=Conn2-1
Added Pin To Net: NetName=GND_555 Pin=Conn3-1
Added Pin To Net: NetName=GND_555 Pin=U3-1
Added Net: Name=GND_555
Added Pin To Net: NetName=GND Pin=1-2
Added Pin To Net: NetName=GND Pin=C1-1
Added Pin To Net: NetName=GND Pin=C2-1
Added Pin To Net: NetName=GND Pin=C3-1
Added Pin To Net: NetName=GND Pin=C4-1
Added Pin To Net: NetName=GND Pin=C5-1
Added Pin To Net: NetName=GND Pin=C15-2
Added Pin To Net: NetName=GND Pin=C16-2
Added Pin To Net: NetName=GND Pin=C17-2
Added Pin To Net: NetName=GND Pin=C18-1
Added Pin To Net: NetName=GND Pin=C19-2
Added Pin To Net: NetName=GND Pin=C20-1
Added Pin To Net: NetName=GND Pin=C21-1
Added Pin To Net: NetName=GND Pin=C22-1
Added Pin To Net: NetName=GND Pin=C23-1
Added Pin To Net: NetName=GND Pin=C24-1
Added Pin To Net: NetName=GND Pin=C25-1
Added Pin To Net: NetName=GND Pin=D5-1
Added Pin To Net: NetName=GND Pin=DZ2-1
Added Pin To Net: NetName=GND Pin=DZ3-1
Added Pin To Net: NetName=GND Pin=DZ4-1
Added Pin To Net: NetName=GND Pin=DZ5-1
Added Pin To Net: NetName=GND Pin=DZ6-1
Added Pin To Net: NetName=GND Pin=OP3-2
Added Pin To Net: NetName=GND Pin=P1-4
Added Pin To Net: NetName=GND Pin=P1-6
Added Pin To Net: NetName=GND Pin=P1-8
Added Pin To Net: NetName=GND Pin=P1-10
Added Pin To Net: NetName=GND Pin=Q2-2
Added Pin To Net: NetName=GND Pin=R2-1
Added Pin To Net: NetName=GND Pin=R3-2
Added Pin To Net: NetName=GND Pin=R4-1
Added Pin To Net: NetName=GND Pin=R6-1
Added Pin To Net: NetName=GND Pin=R7-1
Added Pin To Net: NetName=GND Pin=R12-2
Added Pin To Net: NetName=GND Pin=R27-1
Added Pin To Net: NetName=GND Pin=R28-1
Added Pin To Net: NetName=GND Pin=R29-1
Added Pin To Net: NetName=GND Pin=U1-3
Added Pin To Net: NetName=GND Pin=U1-5
Added Pin To Net: NetName=GND Pin=U1-21
Added Net: Name=GND
Added Pin To Net: NetName=MISO Pin=P1-1
Added Pin To Net: NetName=MISO Pin=U1-16
Added Net: Name=MISO
Added Pin To Net: NetName=MOSI Pin=P1-7
Added Pin To Net: NetName=MOSI Pin=U1-15
Added Net: Name=MOSI
Added Pin To Net: NetName=NetC2_2 Pin=C2-2
Added Pin To Net: NetName=NetC2_2 Pin=L1-1
Added Pin To Net: NetName=NetC2_2 Pin=U1-18
Added Net: Name=NetC2_2
Added Pin To Net: NetName=NetC3_2 Pin=C3-2
Added Pin To Net: NetName=NetC3_2 Pin=U1-20
Added Net: Name=NetC3_2
Added Pin To Net: NetName=NetC6_1 Pin=C6-1
Added Pin To Net: NetName=NetC6_1 Pin=R8-2
Added Net: Name=NetC6_1
Added Pin To Net: NetName=NetC8_2 Pin=C8-2
Added Pin To Net: NetName=NetC8_2 Pin=U3-5
Added Net: Name=NetC8_2
Added Net: Name=NetC10_1
Added Net: Name=NetC11_1
Added Net: Name=NetC11_2
Added Pin To Net: NetName=NetC12_1 Pin=C12-1
Added Pin To Net: NetName=NetC12_1 Pin=R23-2
Added Net: Name=NetC12_1
Added Pin To Net: NetName=NetC12_2 Pin=C12-2
Added Pin To Net: NetName=NetC12_2 Pin=C15-1
Added Pin To Net: NetName=NetC12_2 Pin=D4-2
Added Pin To Net: NetName=NetC12_2 Pin=L2-1
Added Pin To Net: NetName=NetC12_2 Pin=R25-1
Added Net: Name=NetC12_2
Added Pin To Net: NetName=NetC13_1 Pin=C13-1
Added Pin To Net: NetName=NetC13_1 Pin=D2-2
Added Pin To Net: NetName=NetC13_1 Pin=U5-4
Added Net: Name=NetC13_1
Added Pin To Net: NetName=NetC13_2 Pin=C13-2
Added Pin To Net: NetName=NetC13_2 Pin=C14-1
Added Pin To Net: NetName=NetC13_2 Pin=CX1-2
Added Pin To Net: NetName=NetC13_2 Pin=D5-2
Added Pin To Net: NetName=NetC13_2 Pin=L3-1
Added Pin To Net: NetName=NetC13_2 Pin=U5-1
Added Pin To Net: NetName=NetC13_2 Pin=U5-2
Added Net: Name=NetC13_2
Added Pin To Net: NetName=NetC14_2 Pin=C14-2
Added Pin To Net: NetName=NetC14_2 Pin=D3-2
Added Pin To Net: NetName=NetC14_2 Pin=DZ1-2
Added Net: Name=NetC14_2
Added Pin To Net: NetName=NetC16_1 Pin=C16-1
Added Pin To Net: NetName=NetC16_1 Pin=L2-2
Added Pin To Net: NetName=NetC16_1 Pin=R25-2
Added Pin To Net: NetName=NetC16_1 Pin=U5-5
Added Pin To Net: NetName=NetC16_1 Pin=U5-6
Added Pin To Net: NetName=NetC16_1 Pin=U5-7
Added Pin To Net: NetName=NetC16_1 Pin=U5-8
Added Net: Name=NetC16_1
Added Pin To Net: NetName=NetC17_1 Pin=C17-1
Added Pin To Net: NetName=NetC17_1 Pin=DZ2-2
Added Pin To Net: NetName=NetC17_1 Pin=L3-2
Added Pin To Net: NetName=NetC17_1 Pin=R22-1
Added Net: Name=NetC17_1
Added Pin To Net: NetName=NetC23_2 Pin=C23-2
Added Pin To Net: NetName=NetC23_2 Pin=DZ4-2
Added Pin To Net: NetName=NetC23_2 Pin=P5-2
Added Pin To Net: NetName=NetC23_2 Pin=R27-2
Added Pin To Net: NetName=NetC23_2 Pin=U1-23
Added Net: Name=NetC23_2
Added Pin To Net: NetName=NetC24_2 Pin=C24-2
Added Pin To Net: NetName=NetC24_2 Pin=DZ5-2
Added Pin To Net: NetName=NetC24_2 Pin=P6-2
Added Pin To Net: NetName=NetC24_2 Pin=R28-2
Added Pin To Net: NetName=NetC24_2 Pin=U1-24
Added Net: Name=NetC24_2
Added Pin To Net: NetName=NetC25_2 Pin=C25-2
Added Pin To Net: NetName=NetC25_2 Pin=DZ6-2
Added Pin To Net: NetName=NetC25_2 Pin=P7-2
Added Pin To Net: NetName=NetC25_2 Pin=R29-2
Added Pin To Net: NetName=NetC25_2 Pin=U1-25
Added Net: Name=NetC25_2
Added Pin To Net: NetName=NetConn1_4 Pin=Conn1-4
Added Pin To Net: NetName=NetConn1_4 Pin=Conn2-4
Added Pin To Net: NetName=NetConn1_4 Pin=Conn3-4
Added Pin To Net: NetName=NetConn1_4 Pin=OP1-1
Added Net: Name=NetConn1_4
Added Pin To Net: NetName=NetCX1_1 Pin=CX1-1
Added Pin To Net: NetName=NetCX1_1 Pin=DZ1-1
Added Pin To Net: NetName=NetCX1_1 Pin=U5-3
Added Net: Name=NetCX1_1
Added Pin To Net: NetName=NetD1_2 Pin=Q2-3
Added Net: Name=NetD1_2
Added Pin To Net: NetName=NetD2_1 Pin=D2-1
Added Pin To Net: NetName=NetD2_1 Pin=D3-1
Added Net: Name=NetD2_1
Added Pin To Net: NetName=NetD4_1 Pin=D4-1
Added Net: Name=NetD4_1
Added Pin To Net: NetName=NetK1_3 Pin=R17-1
Added Net: Name=NetK1_3
Added Pin To Net: NetName=NetLS1_2 Pin=Q3-3
Added Net: Name=NetLS1_2
Added Pin To Net: NetName=NetOP1_2 Pin=OP1-2
Added Pin To Net: NetName=NetOP1_2 Pin=R3-1
Added Net: Name=NetOP1_2
Added Pin To Net: NetName=NetOP2_1 Pin=OP2-1
Added Net: Name=NetOP2_1
Added Pin To Net: NetName=NetOP2_2 Pin=OP2-2
Added Net: Name=NetOP2_2
Added Pin To Net: NetName=NetOP2_3 Pin=OP2-3
Added Pin To Net: NetName=NetOP2_3 Pin=R12-1
Added Pin To Net: NetName=NetOP2_3 Pin=U1-32
Added Net: Name=NetOP2_3
Added Pin To Net: NetName=NetOP3_1 Pin=OP3-1
Added Pin To Net: NetName=NetOP3_1 Pin=R18-1
Added Net: Name=NetOP3_1
Added Pin To Net: NetName=NetOP3_3 Pin=OP3-3
Added Pin To Net: NetName=NetOP3_3 Pin=R19-1
Added Net: Name=NetOP3_3
Added Pin To Net: NetName=NetP2_1 Pin=Q1-1
Added Net: Name=NetP2_1
Added Pin To Net: NetName=NetQ1_3 Pin=Q1-3
Added Net: Name=NetQ1_3
Added Pin To Net: NetName=NetQ2_1 Pin=Q2-1
Added Pin To Net: NetName=NetQ2_1 Pin=R19-2
Added Net: Name=NetQ2_1
Added Pin To Net: NetName=NetQ3_1 Pin=Q3-1
Added Pin To Net: NetName=NetQ3_1 Pin=R21-2
Added Net: Name=NetQ3_1
Added Pin To Net: NetName=NetR5_2 Pin=R5-2
Added Pin To Net: NetName=NetR5_2 Pin=R6-2
Added Net: Name=NetR5_2
Added Pin To Net: NetName=NetR13_1 Pin=R13-1
Added Net: Name=NetR13_1
Added Pin To Net: NetName=NetR14_1 Pin=R14-1
Added Pin To Net: NetName=NetR14_1 Pin=U1-27
Added Net: Name=NetR14_1
Added Pin To Net: NetName=NetR14_2 Pin=R14-2
Added Net: Name=NetR14_2
Added Pin To Net: NetName=NetR18_2 Pin=R18-2
Added Pin To Net: NetName=NetR18_2 Pin=U1-26
Added Net: Name=NetR18_2
Added Pin To Net: NetName=NetR21_1 Pin=R21-1
Added Pin To Net: NetName=NetR21_1 Pin=U1-2
Added Net: Name=NetR21_1
Added Pin To Net: NetName=OP1 Pin=R2-2
Added Pin To Net: NetName=OP1 Pin=S1-1
Added Pin To Net: NetName=OP1 Pin=U1-28
Added Net: Name=OP1
Added Pin To Net: NetName=OUT Pin=Conn1-3
Added Pin To Net: NetName=OUT Pin=Conn2-3
Added Pin To Net: NetName=OUT Pin=Conn3-3
Added Pin To Net: NetName=OUT Pin=U3-3
Added Net: Name=OUT
Added Pin To Net: NetName=RESET Pin=P1-3
Added Pin To Net: NetName=RESET Pin=R1-1
Added Pin To Net: NetName=RESET Pin=U1-29
Added Net: Name=RESET
Added Pin To Net: NetName=SCK Pin=P1-5
Added Pin To Net: NetName=SCK Pin=U1-17
Added Net: Name=SCK
Added Pin To Net: NetName=SW1 Pin=R7-2
Added Pin To Net: NetName=SW1 Pin=U1-1
Added Net: Name=SW1
Added Pin To Net: NetName=THR Pin=C9-2
Added Pin To Net: NetName=THR Pin=R10-1
Added Pin To Net: NetName=THR Pin=U3-2
Added Pin To Net: NetName=THR Pin=U3-6
Added Net: Name=THR
Added Pin To Net: NetName=XTAL1 Pin=C4-2
Added Pin To Net: NetName=XTAL1 Pin=U1-7
Added Net: Name=XTAL1
Added Pin To Net: NetName=XTAL2 Pin=C5-2
Added Pin To Net: NetName=XTAL2 Pin=U1-8
Added Net: Name=XTAL2
Added Member To Class: ClassName=Power Member=Component 1 7805CV
Added Member To Class: ClassName=Micro_Controller Member=Component C1 Capacitor C SMD 1206
Added Member To Class: ClassName=Micro_Controller Member=Component C2 Capacitor C SMD 1206
Added Member To Class: ClassName=Micro_Controller Member=Component C3 Capacitor C SMD 1206
Added Member To Class: ClassName=Micro_Controller Member=Component C4 Capacitor C SMD 1206
Added Member To Class: ClassName=Micro_Controller Member=Component C5 Capacitor C SMD 1206
Added Member To Class: ClassName=Fan_Feedback Member=Component C6 Capacitor C SMD 1206
Added Member To Class: ClassName=Fan_Feedback Member=Component C7 Capacitor C SMD 1206
Added Member To Class: ClassName=Fan_Feedback Member=Component C8 Capacitor C SMD 1206
Added Member To Class: ClassName=Fan_Feedback Member=Component C9 Capacitor C SMD 1206
Add Class Member: Failed to add class member : Component C10
Add Class Member: Failed to add class member : Component C11
Added Member To Class: ClassName=Power Member=Component C12 Capacitor Ceramic THD
Added Member To Class: ClassName=Power Member=Component C13 Capacitor Electrical THD
Added Member To Class: ClassName=Power Member=Component C14 Capacitor Polyester THD
Added Member To Class: ClassName=Power Member=Component C15 Capacitor Electrical THD
Added Member To Class: ClassName=Power Member=Component C16 Capacitor Electrical THD
Added Member To Class: ClassName=Power Member=Component C17 Capacitor Electrical THD
Added Member To Class: ClassName=Power Member=Component C18 Capacitor C SMD 1206
Added Member To Class: ClassName=Power Member=Component C19 Capacitor Electrical THD
Added Member To Class: ClassName=Power Member=Component C20 Capacitor C SMD 1206
Added Member To Class: ClassName=Sensors Member=Component C21 Capacitor Electrical SMD
Added Member To Class: ClassName=Sensors Member=Component C22 Capacitor C SMD 1206
Added Member To Class: ClassName=Sensors Member=Component C23 Capacitor C SMD 1206
Added Member To Class: ClassName=Sensors Member=Component C24 Capacitor C SMD 1206
Added Member To Class: ClassName=Sensors Member=Component C25 Capacitor C SMD 1206
Added Member To Class: ClassName=Fan_Feedback Member=Component Conn1 Telecommunications_4pin
Added Member To Class: ClassName=Fan_Feedback Member=Component Conn2 Telecommunications_4pin
Added Member To Class: ClassName=Fan_Feedback Member=Component Conn3 Telecommunications_4pin
Added Member To Class: ClassName=Power Member=Component CX1 Capacitor Ceramic THD
Add Class Member: Failed to add class member : Component D1 LS4148-GS18
Added Member To Class: ClassName=Power Member=Component D2 1N4007 SMD M7
Added Member To Class: ClassName=Power Member=Component D3 1N4007 SMD M7
Added Member To Class: ClassName=Power Member=Component D4 1N4007 SMD M7
Added Member To Class: ClassName=Power Member=Component D5 1N4007 SMD M7
Added Member To Class: ClassName=Power Member=Component DZ1 1N4148 SMD
Added Member To Class: ClassName=Power Member=Component DZ2 1N4007 THD
Added Member To Class: ClassName=Power Member=Component DZ3 1N4148 SMD
Added Member To Class: ClassName=Sensors Member=Component DZ4 1N4148 SMD
Added Member To Class: ClassName=Sensors Member=Component DZ5 1N4148 SMD
Added Member To Class: ClassName=Sensors Member=Component DZ6 1N4148 SMD
Add Class Member: Failed to add class member : Component K1 ALDP109W
Added Member To Class: ClassName=Micro_Controller Member=Component L1 Inductor SMD NC 1206
Added Member To Class: ClassName=Power Member=Component L2 Inductor THD
Added Member To Class: ClassName=Power Member=Component L3 Inductor THD
Add Class Member: Failed to add class member : Component LS1
Added Member To Class: ClassName=Micro_Controller Member=Component OP1 PC817
Added Member To Class: ClassName=Motor_Controller Member=Component OP2 PC817
Added Member To Class: ClassName=Relay_Alert Member=Component OP3 PC817
Added Member To Class: ClassName=Micro_Controller Member=Component P1 Header 5X2
Add Class Member: Failed to add class member : Component P2
Add Class Member: Failed to add class member : Component P3
Add Class Member: Failed to add class member : Component P4
Added Member To Class: ClassName=Sensors Member=Component P5 Header 2
Added Member To Class: ClassName=Sensors Member=Component P6 Header 2
Added Member To Class: ClassName=Sensors Member=Component P7 Header 2
Added Member To Class: ClassName=Motor_Controller Member=Component Q1 BTA16
Added Member To Class: ClassName=Relay_Alert Member=Component Q2 BC847 NPN
Added Member To Class: ClassName=Relay_Alert Member=Component Q3
Added Member To Class: ClassName=Micro_Controller Member=Component R1 Resistor SMD 1206
Added Member To Class: ClassName=Micro_Controller Member=Component R2 Resistor SMD 1206
Added Member To Class: ClassName=Micro_Controller Member=Component R3 Resistor SMD 1206
Added Member To Class: ClassName=Micro_Controller Member=Component R4 Resistor SMD 1206
Added Member To Class: ClassName=Micro_Controller Member=Component R5 Resistor SMD 1206
Added Member To Class: ClassName=Micro_Controller Member=Component R6 Resistor SMD 1206
Added Member To Class: ClassName=Micro_Controller Member=Component R7 Resistor SMD 1206
Added Member To Class: ClassName=Fan_Feedback Member=Component R8 Resistor SMD 1206
Added Member To Class: ClassName=Fan_Feedback Member=Component R9 Resistor SMD 1206
Added Member To Class: ClassName=Fan_Feedback Member=Component R10 Resistor SMD 1206
Add Class Member: Failed to add class member : Component R11
Added Member To Class: ClassName=Motor_Controller Member=Component R12 Resistor SMD 1206
Added Member To Class: ClassName=Motor_Controller Member=Component R13 Resistor SMD 1206
Added Member To Class: ClassName=Motor_Controller Member=Component R14 Resistor SMD 1206
Add Class Member: Failed to add class member : Component R15 47K
Add Class Member: Failed to add class member : Component R16 47K
Added Member To Class: ClassName=Relay_Alert Member=Component R17 Resistor SMD 1206
Added Member To Class: ClassName=Relay_Alert Member=Component R18 Resistor SMD 1206
Added Member To Class: ClassName=Relay_Alert Member=Component R19 Resistor SMD 1206
Add Class Member: Failed to add class member : Component R20
Added Member To Class: ClassName=Relay_Alert Member=Component R21 Resistor SMD 1206
Added Member To Class: ClassName=Power Member=Component R22 Resistor SMD 1206
Added Member To Class: ClassName=Power Member=Component R23 Resistor SMD 1206
Add Class Member: Failed to add class member : Component R24 12FR050E
Added Member To Class: ClassName=Power Member=Component R25 Resistor THD
Add Class Member: Failed to add class member : Component R26 B72205S0271K101
Added Member To Class: ClassName=Sensors Member=Component R27 Resistor SMD 1206
Added Member To Class: ClassName=Sensors Member=Component R28 Resistor SMD 1206
Added Member To Class: ClassName=Sensors Member=Component R29 Resistor SMD 1206
Added Member To Class: ClassName=Micro_Controller Member=Component S1 DIP Switch 1
Added Member To Class: ClassName=Motor_Controller Member=Component Sink1 sink?
Add Class Member: Failed to add class member : Component SW1
Add Class Member: Failed to add class member : Component SW2 430156043726
Added Member To Class: ClassName=Micro_Controller Member=Component U1 ATmega8A-AU
Add Class Member: Failed to add class member : Component U2 L78L05ABUTR
Added Member To Class: ClassName=Fan_Feedback Member=Component U3 NE555
Add Class Member: Failed to add class member : Component U4 MOC3063
Added Member To Class: ClassName=Power Member=Component U5 ACS712-30A
Add Class Member: Failed to add class member : Component Y1 FOXSLF/160-20
Added Room: Name=Fan_Feedback
Added Room: Name=Micro_Controller
Added Room: Name=Motor_Controller
Added Room: Name=Power
Added Room: Name=Relay_Alert
Added Room: Name=Sensors
