Removed Pin From Net: NetName=GND Pin=P2-2
Removed Pin From Net: NetName=GND Pin=P3-1
Removed Pin From Net: NetName=GND Pin=P4-1
Removed Pin From Net: NetName=GND Pin=R11-1
Removed Pin From Net: NetName=NetP4_2 Pin=R23-1
Added Pin To Net: NetName=NetP4_2 Pin=C12-1
Added Pin To Net: NetName=NetP4_2 Pin=R20-1
Added Pin To Net: NetName=GND Pin=R23-2
Added Pin To Net: NetName=NetP4_2 Pin=VR1-2
Change Net Name : Old Net Name=NetP4_2 New Net Name=NetC12_1
Added Pin To Net: NetName=NetP2_2 Pin=P2-2
Added Pin To Net: NetName=NetP2_2 Pin=P3-1
Added Pin To Net: NetName=NetP2_2 Pin=P4-1
Added Pin To Net: NetName=NetP2_2 Pin=R11-1
Added Pin To Net: NetName=NetP2_2 Pin=R23-1
Added Net: Name=NetP2_2
Added Member To Class: ClassName=Motor_Controller Member=Component R11 Resistor SMD 2512
Added Member To Class: ClassName=Motor_Controller Member=Component R15 Resistor SMD 2512
Added Member To Class: ClassName=Power Member=Component R20 Resistor SMD 2512
Added Member To Class: ClassName=Micro_Controller Member=Component U1 ATmega8A-AU
Added Room: Name=Fan_Feedback
Added Room: Name=Micro_Controller
Added Room: Name=Motor_Controller
Added Room: Name=Power
Added Room: Name=Relay_Alert
Added Room: Name=Sensors
