Removed Pin From Net: NetName=FUSE_TRIAC Pin=C10-1
Removed Pin From Net: NetName=FUSE_TRIAC Pin=Q1-2
Removed Pin From Net: NetName=FUSE_TRIAC Pin=R13-2
Added Component: Designator=R21(SMD-1206-RES)
Add component (AddParameter): Name = "ComponentLink1Description"; Value = "Website Smart World"; VariantName = "[No Variations]"
Add component (AddParameter): Name = "ComponentLink1URL"; Value = "https://www.smartw.ir/"; VariantName = "[No Variations]"
Add component (AddParameter): Name = "ComponentLink2Description"; Value = "Telegram"; VariantName = "[No Variations]"
Add component (AddParameter): Name = "ComponentLink2URL"; Value = "https://t.me/altium_smartw"; VariantName = "[No Variations]"
Add component (AddParameter): Name = "ComponentLink3Description"; Value = "Instagram"; VariantName = "[No Variations]"
Add component (AddParameter): Name = "ComponentLink3URL"; Value = "https://Instagram.com/smartgw.ir"; VariantName = "[No Variations]"
Add component (AddParameter): Name = "DatasheetVersion"; Value = "2021"; VariantName = "[No Variations]"
Add component (AddParameter): Name = "Value"; Value = "1K"; VariantName = "[No Variations]"
Added Pin To Net: NetName=FUSE_TRIAC Pin=R21-1
Change Net Name : Old Net Name=FUSE_TRIAC New Net Name=NetP4_2
Added Pin To Net: NetName=NetC10_1 Pin=C10-1
Added Pin To Net: NetName=NetC10_1 Pin=Q1-2
Added Pin To Net: NetName=NetC10_1 Pin=R13-2
Added Pin To Net: NetName=NetC10_1 Pin=R21-2
Added Net: Name=NetC10_1
Added Member To Class: ClassName=Motor_Controller Member=Component R6 Resistor THD
Added Member To Class: ClassName=Relay_Alert Member=Component R16 Resistor THD
Added Member To Class: ClassName=Motor_Controller Member=Component R21 Resistor SMD 1206
Added Room: Name=Fan_Feedback
Added Room: Name=Micro_Controller
Added Room: Name=Motor_Controller
Added Room: Name=Power
Added Room: Name=Relay_Alert
Added Room: Name=Sensors
