Removed Pin From Net: NetName=GND Pin=C15-2
Removed Pin From Net: NetName=GND Pin=C16-2
Removed Pin From Net: NetName=GND Pin=C17-2
Removed Pin From Net: NetName=GND Pin=D5-1
Removed Pin From Net: NetName=GND Pin=DZ2-1
Removed Pin From Net: NetName=+12 Pin=R22-2
Removed Pin From Net: NetName=NetP2_2 Pin=R23-1
Removed Pin From Net: NetName=GND Pin=R23-2
Removed Pin From Net: NetName=NetC16_1 Pin=U4-5
Removed Pin From Net: NetName=NetC16_1 Pin=U4-6
Removed Pin From Net: NetName=NetC16_1 Pin=U4-7
Removed Pin From Net: NetName=NetC16_1 Pin=U4-8
Removed Pin From Net: NetName=GND Pin=VR1-1
Removed Pin From Net: NetName=NetP4_2 Pin=VR1-2
Removed Member From Class: ClassName=Power Member=R23
Removed Member From Class: ClassName=Power Member=U4
Added Component: Designator=DB?(DBRG_C10)
Add component (AddParameter): Name = "ComponentLink1Description"; Value = "Website Smart World"; VariantName = "[No Variations]"
Add component (AddParameter): Name = "ComponentLink1URL"; Value = "https://www.smartw.ir/"; VariantName = "[No Variations]"
Add component (AddParameter): Name = "ComponentLink2Description"; Value = "Telegram"; VariantName = "[No Variations]"
Add component (AddParameter): Name = "ComponentLink2URL"; Value = "https://t.me/altium_smartw"; VariantName = "[No Variations]"
Add component (AddParameter): Name = "ComponentLink3Description"; Value = "Instagram"; VariantName = "[No Variations]"
Add component (AddParameter): Name = "ComponentLink3URL"; Value = "https://Instagram.com/smartgw.ir"; VariantName = "[No Variations]"
Add component (AddParameter): Name = "DatasheetVersion"; Value = "2021"; VariantName = "[No Variations]"
Add component (AddParameter): Name = "Value"; Value = "BR-WOB"; VariantName = "[No Variations]"
Added Pin To Net: NetName=NetC15_1 Pin=DB?-1
Added Pin To Net: NetName=NetP2_2 Pin=VR1-1
Added Pin To Net: NetName=NetC15_2 Pin=C15-2
Added Pin To Net: NetName=NetC15_2 Pin=C16-2
Added Pin To Net: NetName=NetC15_2 Pin=DB?-3
Added Net: Name=NetC15_2
Added Pin To Net: NetName=NetDB?_2 Pin=DB?-2
Added Pin To Net: NetName=NetDB?_2 Pin=R20-2
Added Net: Name=NetDB?_2
Added Pin To Net: NetName=NetDB?_4 Pin=DB?-4
Added Pin To Net: NetName=NetDB?_4 Pin=VR1-2
Added Net: Name=NetDB?_4
Added Member To Class: ClassName=Power Member=Component DB? Diode Bridge THD WO
