Removed Pin From Net: NetName=NetC12_1 Pin=C12-1
Removed Pin From Net: NetName=OP1 Pin=Designator3-1
Removed Pin From Net: NetName=OP1 Pin=Designator3-2
Removed Pin From Net: NetName=ERROR_LED Pin=Designator4-1
Removed Pin From Net: NetName=ERROR_LED Pin=Designator4-2
Removed Pin From Net: NetName=SW1 Pin=Designator5-1
Removed Pin From Net: NetName=SW1 Pin=Designator5-2
Removed Pin From Net: NetName=NetC24_2 Pin=Designator7-1
Removed Pin From Net: NetName=NetC24_2 Pin=Designator7-2
Removed Pin From Net: NetName=NetC23_2 Pin=Designator9-1
Removed Pin From Net: NetName=NetC23_2 Pin=Designator9-2
Removed Pin From Net: NetName=NetC25_2 Pin=Designator10-1
Removed Pin From Net: NetName=NetC25_2 Pin=Designator10-2
Removed Pin From Net: NetName=+5 Pin=Designator11-1
Removed Pin From Net: NetName=+5 Pin=Designator11-2
Removed Pin From Net: NetName=NetC23_2 Pin=Designator12-1
Removed Pin From Net: NetName=NetC23_2 Pin=Designator12-2
Removed Pin From Net: NetName=NetC24_2 Pin=Designator13-1
Removed Pin From Net: NetName=NetC24_2 Pin=Designator13-2
Removed Pin From Net: NetName=NetC25_2 Pin=Designator14-1
Removed Pin From Net: NetName=NetC25_2 Pin=Designator14-2
Removed Pin From Net: NetName=SW1 Pin=Designator15-1
Removed Pin From Net: NetName=SW1 Pin=Designator15-2
Removed Pin From Net: NetName=ERROR_LED Pin=Designator16-1
Removed Pin From Net: NetName=ERROR_LED Pin=Designator16-2
Removed Pin From Net: NetName=OP1 Pin=Designator17-1
Removed Pin From Net: NetName=OP1 Pin=Designator17-2
Removed Pin From Net: NetName=ERROR_LED Pin=Designator19-1
Removed Pin From Net: NetName=ERROR_LED Pin=Designator19-2
Removed Pin From Net: NetName=OP1 Pin=Designator20-1
Removed Pin From Net: NetName=OP1 Pin=Designator20-2
Removed Pin From Net: NetName=ERROR_LED Pin=Designator21-1
Removed Pin From Net: NetName=ERROR_LED Pin=Designator21-2
Removed Pin From Net: NetName=SW1 Pin=Designator22-1
Removed Pin From Net: NetName=SW1 Pin=Designator22-2
Removed Pin From Net: NetName=RESET Pin=Designator23-1
Removed Pin From Net: NetName=RESET Pin=Designator23-2
Removed Pin From Net: NetName=SCK Pin=Designator24-1
Removed Pin From Net: NetName=SCK Pin=Designator24-2
Removed Pin From Net: NetName=MOSI Pin=Designator25-1
Removed Pin From Net: NetName=MOSI Pin=Designator25-2
Removed Pin From Net: NetName=MISO Pin=Designator26-1
Removed Pin From Net: NetName=MISO Pin=Designator26-2
Removed Pin From Net: NetName=OUT Pin=Designator27-1
Removed Pin From Net: NetName=OUT Pin=Designator27-2
Removed Pin From Net: NetName=NetP2_2 Pin=Designator28-1
Removed Pin From Net: NetName=NetP2_2 Pin=Designator28-2
Removed Pin From Net: NetName=NetC16_1 Pin=R25-2
Removed Member From Class: ClassName=Power Member=C12
Removed Member From Class: ClassName=Power Member=D4
Removed Member From Class: ClassName=Power Member=R25
Change Net Name : Old Net Name=NetC12_1 New Net Name=NetP4_2
Added Pin To Net: NetName=NetC15_1 Pin=C15-1
Added Pin To Net: NetName=NetC15_1 Pin=L2-1
Added Net: Name=NetC15_1
Added Room: Name=Fan_Feedback
Added Room: Name=Micro_Controller
Added Room: Name=Motor_Controller
Added Room: Name=Power
Added Room: Name=Relay_Alert
Added Room: Name=Sensors
